#
# There is insufficient memory for the Java Runtime Environment to continue.
# Native memory allocation (malloc) failed to allocate 32744 bytes. Error detail: Chunk::new
# Possible reasons:
#   The system is out of physical RAM or swap space
#   This process is running with CompressedOops enabled, and the Java Heap may be blocking the growth of the native heap
# Possible solutions:
#   Reduce memory load on the system
#   Increase physical memory or swap space
#   Check if swap backing store is full
#   Decrease Java heap size (-Xmx/-Xms)
#   Decrease number of Java threads
#   Decrease Java thread stack sizes (-Xss)
#   Set larger code cache with -XX:ReservedCodeCacheSize=
#   JVM is running with Unscaled Compressed Oops mode in which the Java heap is
#     placed in the first 4GB address space. The Java Heap base address is the
#     maximum limit for the native heap growth. Please use -XX:HeapBaseMinAddress
#     to set the Java Heap base and to place the Java Heap above 4GB virtual address.
# This output file may be truncated or incomplete.
#
#  Out of Memory Error (arena.cpp:168), pid=6052, tid=15040
#
# JRE version: OpenJDK Runtime Environment JBR-21.0.3+13-509.15-jcef (21.0.3+13) (build 21.0.3+13-b509.15)
# Java VM: OpenJDK 64-Bit Server VM JBR-21.0.3+13-509.15-jcef (21.0.3+13-b509.15, mixed mode, tiered, compressed oops, compressed class ptrs, g1 gc, windows-amd64)
# No core dump will be written. Minidumps are not enabled by default on client versions of Windows
#

---------------  S U M M A R Y ------------

Command Line: -Djava.rmi.server.hostname=127.0.0.1 -Duser.timezone=UTC -Xmx2048m -Xms128m -Djdbc.classpath=C:\Users\FRANS\AppData\Local\Temp\RemoteDriver121.classpath.txt --add-exports=java.desktop/sun.awt=ALL-UNNAMED --add-exports=java.desktop/java.awt.peer=ALL-UNNAMED --add-opens=java.desktop/java.awt=ALL-UNNAMED --add-opens=jdk.unsupported/sun.misc=ALL-UNNAMED --add-opens=java.base/java.nio=ALL-UNNAMED --add-opens=java.base/java.util=ALL-UNNAMED -Dfile.encoding=UTF-8 -Dsun.stdout.encoding=UTF-8 -Dsun.stderr.encoding=UTF-8 com.intellij.database.remote.RemoteJdbcServer com.mysql.cj.jdbc.Driver

Host: Intel(R) Core(TM) i3-10100F CPU @ 3.60GHz, 8 cores, 7G,  Windows 11 , 64 bit Build 27695 (10.0.27695.1000)
Time: Sun Sep 22 00:03:11 2024 Hora est. Pacífico, Sudamérica elapsed time: 2498.003922 seconds (0d 0h 41m 38s)

---------------  T H R E A D  ---------------

Current thread (0x000000bab93d7330):  JavaThread "C2 CompilerThread0" daemon [_thread_in_native, id=15040, stack(0x000000bab9e50000,0x000000bab9f50000) (1024K)]


Current CompileTask:
C2:2498004 3410   !   4       sun.rmi.transport.StreamRemoteCall::releaseInputStream (62 bytes)

Stack: [0x000000bab9e50000,0x000000bab9f50000]
Native frames: (J=compiled Java code, j=interpreted, Vv=VM code, C=native code)
V  [jvm.dll+0x6e02f9]
V  [jvm.dll+0x8bd383]
V  [jvm.dll+0x8bf8de]
V  [jvm.dll+0x8bffc3]
V  [jvm.dll+0x2879c6]
V  [jvm.dll+0xc60ad]
V  [jvm.dll+0xc65e3]
V  [jvm.dll+0xc61d5]
V  [jvm.dll+0x6bc5ca]
V  [jvm.dll+0x8d31c]
V  [jvm.dll+0x66f4fd]
V  [jvm.dll+0x66d41d]
V  [jvm.dll+0x24f24f]
V  [jvm.dll+0x24e9a1]
V  [jvm.dll+0x1cd034]
V  [jvm.dll+0x25e13c]
V  [jvm.dll+0x25c616]
V  [jvm.dll+0x3fb056]
V  [jvm.dll+0x865338]
V  [jvm.dll+0x6deb3d]
C  [ucrtbase.dll+0x1cd10]
C  [KERNEL32.DLL+0x35767]
C  [ntdll.dll+0x623ec]


---------------  P R O C E S S  ---------------

Threads class SMR info:
_java_thread_list=0x000000babf5112b0, length=20, elements={
0x000000baa50a9060, 0x000000bab93bc5e0, 0x000000bab93bf050, 0x000000bab93d3260,
0x000000bab93d3cc0, 0x000000bab93d5b40, 0x000000bab93d65a0, 0x000000bab93d7330,
0x000000bab93db0e0, 0x000000bab95abf60, 0x000000bab95b25f0, 0x000000babe6959b0,
0x000000babe9a82c0, 0x000000babe8105d0, 0x000000babe6a0130, 0x000000babe8f94c0,
0x000000babeb6f980, 0x000000babebdc060, 0x000000babebde130, 0x000000babebdcd80
}

Java Threads: ( => current thread )
  0x000000baa50a9060 JavaThread "main"                              [_thread_blocked, id=12632, stack(0x000000baa4ec0000,0x000000baa4fc0000) (1024K)]
  0x000000bab93bc5e0 JavaThread "Reference Handler"          daemon [_thread_blocked, id=15812, stack(0x000000bab9850000,0x000000bab9950000) (1024K)]
  0x000000bab93bf050 JavaThread "Finalizer"                  daemon [_thread_blocked, id=16032, stack(0x000000bab9950000,0x000000bab9a50000) (1024K)]
  0x000000bab93d3260 JavaThread "Signal Dispatcher"          daemon [_thread_blocked, id=12572, stack(0x000000bab9a50000,0x000000bab9b50000) (1024K)]
  0x000000bab93d3cc0 JavaThread "Attach Listener"            daemon [_thread_blocked, id=14884, stack(0x000000bab9b50000,0x000000bab9c50000) (1024K)]
  0x000000bab93d5b40 JavaThread "Service Thread"             daemon [_thread_blocked, id=5564, stack(0x000000bab9c50000,0x000000bab9d50000) (1024K)]
  0x000000bab93d65a0 JavaThread "Monitor Deflation Thread"   daemon [_thread_blocked, id=15328, stack(0x000000bab9d50000,0x000000bab9e50000) (1024K)]
=>0x000000bab93d7330 JavaThread "C2 CompilerThread0"         daemon [_thread_in_native, id=15040, stack(0x000000bab9e50000,0x000000bab9f50000) (1024K)]
  0x000000bab93db0e0 JavaThread "C1 CompilerThread0"         daemon [_thread_blocked, id=10256, stack(0x000000babe000000,0x000000babe100000) (1024K)]
  0x000000bab95abf60 JavaThread "Common-Cleaner"             daemon [_thread_blocked, id=15844, stack(0x000000babe100000,0x000000babe200000) (1024K)]
  0x000000bab95b25f0 JavaThread "Notification Thread"        daemon [_thread_blocked, id=2232, stack(0x000000babe200000,0x000000babe300000) (1024K)]
  0x000000babe6959b0 JavaThread "mysql-cj-abandoned-connection-cleanup" daemon [_thread_blocked, id=12488, stack(0x000000babec00000,0x000000babed00000) (1024K)]
  0x000000babe9a82c0 JavaThread "RMI TCP Accept-20081"       daemon [_thread_in_native, id=5676, stack(0x000000babed00000,0x000000babee00000) (1024K)]
  0x000000babe8105d0 JavaThread "RMI TCP Accept-0"           daemon [_thread_in_native, id=15352, stack(0x000000babee00000,0x000000babef00000) (1024K)]
  0x000000babe6a0130 JavaThread "RMI Reaper"                        [_thread_blocked, id=9728, stack(0x000000babef00000,0x000000babf000000) (1024K)]
  0x000000babe8f94c0 JavaThread "RMI GC Daemon"              daemon [_thread_blocked, id=396, stack(0x000000babf000000,0x000000babf100000) (1024K)]
  0x000000babeb6f980 JavaThread "RMI TCP Connection(2)-127.0.0.1" daemon [_thread_in_native, id=14868, stack(0x000000babf200000,0x000000babf300000) (1024K)]
  0x000000babebdc060 JavaThread "RMI Scheduler(0)"           daemon [_thread_blocked, id=15136, stack(0x000000bac03d0000,0x000000bac04d0000) (1024K)]
  0x000000babebde130 JavaThread "RMI RenewClean-[127.0.0.1:50432]" daemon [_thread_blocked, id=14532, stack(0x000000bac05d0000,0x000000bac06d0000) (1024K)]
  0x000000babebdcd80 JavaThread "RMI TCP Connection(5)-127.0.0.1" daemon [_thread_in_native, id=5672, stack(0x000000baa4940000,0x000000baa4a40000) (1024K)]
Total: 20

Other Threads:
  0x000000bab9358380 VMThread "VM Thread"                           [id=1648, stack(0x000000bab9750000,0x000000bab9850000) (1024K)]
  0x000000bab8fbf980 WatcherThread "VM Periodic Task Thread"        [id=16112, stack(0x000000bab9250000,0x000000bab9350000) (1024K)]
  0x000000baa50fd690 WorkerThread "GC Thread#0"                     [id=7452, stack(0x000000bab6b50000,0x000000bab6c50000) (1024K)]
  0x000000babebcbc40 WorkerThread "GC Thread#1"                     [id=14472, stack(0x000000babe300000,0x000000babe400000) (1024K)]
  0x000000babebc9de0 WorkerThread "GC Thread#2"                     [id=11520, stack(0x000000bac06d0000,0x000000bac07d0000) (1024K)]
  0x000000babf380eb0 WorkerThread "GC Thread#3"                     [id=2988, stack(0x000000bac07d0000,0x000000bac08d0000) (1024K)]
  0x000000babf370a90 WorkerThread "GC Thread#4"                     [id=14220, stack(0x000000bac08d0000,0x000000bac09d0000) (1024K)]
  0x000000babf34b750 WorkerThread "GC Thread#5"                     [id=1228, stack(0x000000bac09d0000,0x000000bac0ad0000) (1024K)]
  0x000000babf3ad220 WorkerThread "GC Thread#6"                     [id=16048, stack(0x000000bac0ad0000,0x000000bac0bd0000) (1024K)]
  0x000000babf3ad5c0 WorkerThread "GC Thread#7"                     [id=6340, stack(0x000000bac0bd0000,0x000000bac0cd0000) (1024K)]
  0x000000baa510f590 ConcurrentGCThread "G1 Main Marker"            [id=14080, stack(0x000000bab6c50000,0x000000bab6d50000) (1024K)]
  0x000000baa5110e20 WorkerThread "G1 Conc#0"                       [id=14756, stack(0x000000bab6d50000,0x000000bab6e50000) (1024K)]
  0x000000babf3957a0 WorkerThread "G1 Conc#1"                       [id=4360, stack(0x000000bac0cd0000,0x000000bac0dd0000) (1024K)]
  0x000000bab8e854f0 ConcurrentGCThread "G1 Refine#0"               [id=10796, stack(0x000000bab9050000,0x000000bab9150000) (1024K)]
  0x000000bab8e85d10 ConcurrentGCThread "G1 Service"                [id=7808, stack(0x000000bab9150000,0x000000bab9250000) (1024K)]
Total: 15

Threads with active compile tasks:
C2 CompilerThread0  2498054 3410   !   4       sun.rmi.transport.StreamRemoteCall::releaseInputStream (62 bytes)
Total: 1

VM state: not at safepoint (normal execution)

VM Mutex/Monitor currently owned by a thread: None

Heap address: 0x0000000080000000, size: 2048 MB, Compressed Oops mode: 32-bit

CDS archive(s) not mapped
Compressed class space mapped at: 0x0000000100000000-0x0000000140000000, reserved size: 1073741824
Narrow klass base: 0x0000000000000000, Narrow klass shift: 3, Narrow klass range: 0x140000000

GC Precious Log:
 CardTable entry size: 512
 Card Set container configuration: InlinePtr #cards 5 size 8 Array Of Cards #cards 12 size 40 Howl #buckets 4 coarsen threshold 1843 Howl Bitmap #cards 512 size 80 coarsen threshold 460 Card regions per heap region 1 cards per card region 2048
 CPUs: 8 total, 8 available
 Memory: 8089M
 Large Page Support: Disabled
 NUMA Support: Disabled
 Compressed Oops: Enabled (32-bit)
 Heap Region Size: 1M
 Heap Min Capacity: 128M
 Heap Initial Capacity: 128M
 Heap Max Capacity: 2G
 Pre-touch: Disabled
 Parallel Workers: 8
 Concurrent Workers: 2
 Concurrent Refinement Workers: 8
 Periodic GC: Disabled

Heap:
 garbage-first heap   total 131072K, used 51771K [0x0000000080000000, 0x0000000100000000)
  region size 1024K, 43 young (44032K), 2 survivors (2048K)
 Metaspace       used 28790K, committed 29248K, reserved 1114112K
  class space    used 2972K, committed 3200K, reserved 1048576K

Heap Regions: E=young(eden), S=young(survivor), O=old, HS=humongous(starts), HC=humongous(continues), CS=collection set, F=free, TAMS=top-at-mark-start, PB=parsable bottom
|   0|0x0000000080000000, 0x0000000080100000, 0x0000000080100000|100%|HS|  |TAMS 0x0000000080000000| PB 0x0000000080000000| Complete 
|   1|0x0000000080100000, 0x0000000080200000, 0x0000000080200000|100%|HC|  |TAMS 0x0000000080100000| PB 0x0000000080100000| Complete 
|   2|0x0000000080200000, 0x0000000080300000, 0x0000000080300000|100%|HS|  |TAMS 0x0000000080200000| PB 0x0000000080200000| Complete 
|   3|0x0000000080300000, 0x0000000080400000, 0x0000000080400000|100%|HS|  |TAMS 0x0000000080300000| PB 0x0000000080300000| Complete 
|   4|0x0000000080400000, 0x0000000080500000, 0x0000000080500000|100%| O|  |TAMS 0x0000000080400000| PB 0x0000000080400000| Untracked 
|   5|0x0000000080500000, 0x0000000080600000, 0x0000000080600000|100%| O|  |TAMS 0x0000000080500000| PB 0x0000000080500000| Untracked 
|   6|0x0000000080600000, 0x0000000080700000, 0x0000000080700000|100%| O|  |TAMS 0x0000000080600000| PB 0x0000000080600000| Untracked 
|   7|0x0000000080700000, 0x0000000080800000, 0x0000000080800000|100%| O|  |TAMS 0x0000000080700000| PB 0x0000000080700000| Untracked 
|   8|0x0000000080800000, 0x00000000808fd3e0, 0x0000000080900000| 98%| O|  |TAMS 0x0000000080800000| PB 0x0000000080800000| Untracked 
|   9|0x0000000080900000, 0x0000000080900000, 0x0000000080a00000|  0%| F|  |TAMS 0x0000000080900000| PB 0x0000000080900000| Untracked 
|  10|0x0000000080a00000, 0x0000000080a00000, 0x0000000080b00000|  0%| F|  |TAMS 0x0000000080a00000| PB 0x0000000080a00000| Untracked 
|  11|0x0000000080b00000, 0x0000000080b00000, 0x0000000080c00000|  0%| F|  |TAMS 0x0000000080b00000| PB 0x0000000080b00000| Untracked 
|  12|0x0000000080c00000, 0x0000000080c00000, 0x0000000080d00000|  0%| F|  |TAMS 0x0000000080c00000| PB 0x0000000080c00000| Untracked 
|  13|0x0000000080d00000, 0x0000000080d00000, 0x0000000080e00000|  0%| F|  |TAMS 0x0000000080d00000| PB 0x0000000080d00000| Untracked 
|  14|0x0000000080e00000, 0x0000000080e00000, 0x0000000080f00000|  0%| F|  |TAMS 0x0000000080e00000| PB 0x0000000080e00000| Untracked 
|  15|0x0000000080f00000, 0x0000000080f00000, 0x0000000081000000|  0%| F|  |TAMS 0x0000000080f00000| PB 0x0000000080f00000| Untracked 
|  16|0x0000000081000000, 0x0000000081000000, 0x0000000081100000|  0%| F|  |TAMS 0x0000000081000000| PB 0x0000000081000000| Untracked 
|  17|0x0000000081100000, 0x0000000081100000, 0x0000000081200000|  0%| F|  |TAMS 0x0000000081100000| PB 0x0000000081100000| Untracked 
|  18|0x0000000081200000, 0x0000000081200000, 0x0000000081300000|  0%| F|  |TAMS 0x0000000081200000| PB 0x0000000081200000| Untracked 
|  19|0x0000000081300000, 0x0000000081300000, 0x0000000081400000|  0%| F|  |TAMS 0x0000000081300000| PB 0x0000000081300000| Untracked 
|  20|0x0000000081400000, 0x0000000081400000, 0x0000000081500000|  0%| F|  |TAMS 0x0000000081400000| PB 0x0000000081400000| Untracked 
|  21|0x0000000081500000, 0x0000000081500000, 0x0000000081600000|  0%| F|  |TAMS 0x0000000081500000| PB 0x0000000081500000| Untracked 
|  22|0x0000000081600000, 0x0000000081600000, 0x0000000081700000|  0%| F|  |TAMS 0x0000000081600000| PB 0x0000000081600000| Untracked 
|  23|0x0000000081700000, 0x0000000081700000, 0x0000000081800000|  0%| F|  |TAMS 0x0000000081700000| PB 0x0000000081700000| Untracked 
|  24|0x0000000081800000, 0x0000000081800000, 0x0000000081900000|  0%| F|  |TAMS 0x0000000081800000| PB 0x0000000081800000| Untracked 
|  25|0x0000000081900000, 0x0000000081900000, 0x0000000081a00000|  0%| F|  |TAMS 0x0000000081900000| PB 0x0000000081900000| Untracked 
|  26|0x0000000081a00000, 0x0000000081a00000, 0x0000000081b00000|  0%| F|  |TAMS 0x0000000081a00000| PB 0x0000000081a00000| Untracked 
|  27|0x0000000081b00000, 0x0000000081b00000, 0x0000000081c00000|  0%| F|  |TAMS 0x0000000081b00000| PB 0x0000000081b00000| Untracked 
|  28|0x0000000081c00000, 0x0000000081c00000, 0x0000000081d00000|  0%| F|  |TAMS 0x0000000081c00000| PB 0x0000000081c00000| Untracked 
|  29|0x0000000081d00000, 0x0000000081d00000, 0x0000000081e00000|  0%| F|  |TAMS 0x0000000081d00000| PB 0x0000000081d00000| Untracked 
|  30|0x0000000081e00000, 0x0000000081e00000, 0x0000000081f00000|  0%| F|  |TAMS 0x0000000081e00000| PB 0x0000000081e00000| Untracked 
|  31|0x0000000081f00000, 0x0000000081f00000, 0x0000000082000000|  0%| F|  |TAMS 0x0000000081f00000| PB 0x0000000081f00000| Untracked 
|  32|0x0000000082000000, 0x0000000082000000, 0x0000000082100000|  0%| F|  |TAMS 0x0000000082000000| PB 0x0000000082000000| Untracked 
|  33|0x0000000082100000, 0x0000000082100000, 0x0000000082200000|  0%| F|  |TAMS 0x0000000082100000| PB 0x0000000082100000| Untracked 
|  34|0x0000000082200000, 0x0000000082200000, 0x0000000082300000|  0%| F|  |TAMS 0x0000000082200000| PB 0x0000000082200000| Untracked 
|  35|0x0000000082300000, 0x0000000082300000, 0x0000000082400000|  0%| F|  |TAMS 0x0000000082300000| PB 0x0000000082300000| Untracked 
|  36|0x0000000082400000, 0x0000000082400000, 0x0000000082500000|  0%| F|  |TAMS 0x0000000082400000| PB 0x0000000082400000| Untracked 
|  37|0x0000000082500000, 0x0000000082500000, 0x0000000082600000|  0%| F|  |TAMS 0x0000000082500000| PB 0x0000000082500000| Untracked 
|  38|0x0000000082600000, 0x0000000082600000, 0x0000000082700000|  0%| F|  |TAMS 0x0000000082600000| PB 0x0000000082600000| Untracked 
|  39|0x0000000082700000, 0x0000000082700000, 0x0000000082800000|  0%| F|  |TAMS 0x0000000082700000| PB 0x0000000082700000| Untracked 
|  40|0x0000000082800000, 0x0000000082800000, 0x0000000082900000|  0%| F|  |TAMS 0x0000000082800000| PB 0x0000000082800000| Untracked 
|  41|0x0000000082900000, 0x0000000082900000, 0x0000000082a00000|  0%| F|  |TAMS 0x0000000082900000| PB 0x0000000082900000| Untracked 
|  42|0x0000000082a00000, 0x0000000082a00000, 0x0000000082b00000|  0%| F|  |TAMS 0x0000000082a00000| PB 0x0000000082a00000| Untracked 
|  43|0x0000000082b00000, 0x0000000082b00000, 0x0000000082c00000|  0%| F|  |TAMS 0x0000000082b00000| PB 0x0000000082b00000| Untracked 
|  44|0x0000000082c00000, 0x0000000082c00000, 0x0000000082d00000|  0%| F|  |TAMS 0x0000000082c00000| PB 0x0000000082c00000| Untracked 
|  45|0x0000000082d00000, 0x0000000082d00000, 0x0000000082e00000|  0%| F|  |TAMS 0x0000000082d00000| PB 0x0000000082d00000| Untracked 
|  46|0x0000000082e00000, 0x0000000082e00000, 0x0000000082f00000|  0%| F|  |TAMS 0x0000000082e00000| PB 0x0000000082e00000| Untracked 
|  47|0x0000000082f00000, 0x0000000082f00000, 0x0000000083000000|  0%| F|  |TAMS 0x0000000082f00000| PB 0x0000000082f00000| Untracked 
|  48|0x0000000083000000, 0x0000000083000000, 0x0000000083100000|  0%| F|  |TAMS 0x0000000083000000| PB 0x0000000083000000| Untracked 
|  49|0x0000000083100000, 0x0000000083100000, 0x0000000083200000|  0%| F|  |TAMS 0x0000000083100000| PB 0x0000000083100000| Untracked 
|  50|0x0000000083200000, 0x0000000083200000, 0x0000000083300000|  0%| F|  |TAMS 0x0000000083200000| PB 0x0000000083200000| Untracked 
|  51|0x0000000083300000, 0x0000000083300000, 0x0000000083400000|  0%| F|  |TAMS 0x0000000083300000| PB 0x0000000083300000| Untracked 
|  52|0x0000000083400000, 0x0000000083400000, 0x0000000083500000|  0%| F|  |TAMS 0x0000000083400000| PB 0x0000000083400000| Untracked 
|  53|0x0000000083500000, 0x0000000083500000, 0x0000000083600000|  0%| F|  |TAMS 0x0000000083500000| PB 0x0000000083500000| Untracked 
|  54|0x0000000083600000, 0x0000000083600000, 0x0000000083700000|  0%| F|  |TAMS 0x0000000083600000| PB 0x0000000083600000| Untracked 
|  55|0x0000000083700000, 0x0000000083700000, 0x0000000083800000|  0%| F|  |TAMS 0x0000000083700000| PB 0x0000000083700000| Untracked 
|  56|0x0000000083800000, 0x0000000083800000, 0x0000000083900000|  0%| F|  |TAMS 0x0000000083800000| PB 0x0000000083800000| Untracked 
|  57|0x0000000083900000, 0x0000000083900000, 0x0000000083a00000|  0%| F|  |TAMS 0x0000000083900000| PB 0x0000000083900000| Untracked 
|  58|0x0000000083a00000, 0x0000000083a00000, 0x0000000083b00000|  0%| F|  |TAMS 0x0000000083a00000| PB 0x0000000083a00000| Untracked 
|  59|0x0000000083b00000, 0x0000000083b00000, 0x0000000083c00000|  0%| F|  |TAMS 0x0000000083b00000| PB 0x0000000083b00000| Untracked 
|  60|0x0000000083c00000, 0x0000000083c00000, 0x0000000083d00000|  0%| F|  |TAMS 0x0000000083c00000| PB 0x0000000083c00000| Untracked 
|  61|0x0000000083d00000, 0x0000000083d00000, 0x0000000083e00000|  0%| F|  |TAMS 0x0000000083d00000| PB 0x0000000083d00000| Untracked 
|  62|0x0000000083e00000, 0x0000000083e00000, 0x0000000083f00000|  0%| F|  |TAMS 0x0000000083e00000| PB 0x0000000083e00000| Untracked 
|  63|0x0000000083f00000, 0x0000000083f00000, 0x0000000084000000|  0%| F|  |TAMS 0x0000000083f00000| PB 0x0000000083f00000| Untracked 
|  64|0x0000000084000000, 0x0000000084000000, 0x0000000084100000|  0%| F|  |TAMS 0x0000000084000000| PB 0x0000000084000000| Untracked 
|  65|0x0000000084100000, 0x0000000084100000, 0x0000000084200000|  0%| F|  |TAMS 0x0000000084100000| PB 0x0000000084100000| Untracked 
|  66|0x0000000084200000, 0x0000000084200000, 0x0000000084300000|  0%| F|  |TAMS 0x0000000084200000| PB 0x0000000084200000| Untracked 
|  67|0x0000000084300000, 0x0000000084300000, 0x0000000084400000|  0%| F|  |TAMS 0x0000000084300000| PB 0x0000000084300000| Untracked 
|  68|0x0000000084400000, 0x0000000084400000, 0x0000000084500000|  0%| F|  |TAMS 0x0000000084400000| PB 0x0000000084400000| Untracked 
|  69|0x0000000084500000, 0x0000000084500000, 0x0000000084600000|  0%| F|  |TAMS 0x0000000084500000| PB 0x0000000084500000| Untracked 
|  70|0x0000000084600000, 0x0000000084600000, 0x0000000084700000|  0%| F|  |TAMS 0x0000000084600000| PB 0x0000000084600000| Untracked 
|  71|0x0000000084700000, 0x0000000084700000, 0x0000000084800000|  0%| F|  |TAMS 0x0000000084700000| PB 0x0000000084700000| Untracked 
|  72|0x0000000084800000, 0x0000000084800000, 0x0000000084900000|  0%| F|  |TAMS 0x0000000084800000| PB 0x0000000084800000| Untracked 
|  73|0x0000000084900000, 0x0000000084900000, 0x0000000084a00000|  0%| F|  |TAMS 0x0000000084900000| PB 0x0000000084900000| Untracked 
|  74|0x0000000084a00000, 0x0000000084a00000, 0x0000000084b00000|  0%| F|  |TAMS 0x0000000084a00000| PB 0x0000000084a00000| Untracked 
|  75|0x0000000084b00000, 0x0000000084b00000, 0x0000000084c00000|  0%| F|  |TAMS 0x0000000084b00000| PB 0x0000000084b00000| Untracked 
|  76|0x0000000084c00000, 0x0000000084c00000, 0x0000000084d00000|  0%| F|  |TAMS 0x0000000084c00000| PB 0x0000000084c00000| Untracked 
|  77|0x0000000084d00000, 0x0000000084d00000, 0x0000000084e00000|  0%| F|  |TAMS 0x0000000084d00000| PB 0x0000000084d00000| Untracked 
|  78|0x0000000084e00000, 0x0000000084e00000, 0x0000000084f00000|  0%| F|  |TAMS 0x0000000084e00000| PB 0x0000000084e00000| Untracked 
|  79|0x0000000084f00000, 0x0000000084f00000, 0x0000000085000000|  0%| F|  |TAMS 0x0000000084f00000| PB 0x0000000084f00000| Untracked 
|  80|0x0000000085000000, 0x0000000085000000, 0x0000000085100000|  0%| F|  |TAMS 0x0000000085000000| PB 0x0000000085000000| Untracked 
|  81|0x0000000085100000, 0x0000000085100000, 0x0000000085200000|  0%| F|  |TAMS 0x0000000085100000| PB 0x0000000085100000| Untracked 
|  82|0x0000000085200000, 0x0000000085200000, 0x0000000085300000|  0%| F|  |TAMS 0x0000000085200000| PB 0x0000000085200000| Untracked 
|  83|0x0000000085300000, 0x0000000085300000, 0x0000000085400000|  0%| F|  |TAMS 0x0000000085300000| PB 0x0000000085300000| Untracked 
|  84|0x0000000085400000, 0x0000000085400000, 0x0000000085500000|  0%| F|  |TAMS 0x0000000085400000| PB 0x0000000085400000| Untracked 
|  85|0x0000000085500000, 0x00000000855d9330, 0x0000000085600000| 84%| E|  |TAMS 0x0000000085500000| PB 0x0000000085500000| Complete 
|  86|0x0000000085600000, 0x0000000085700000, 0x0000000085700000|100%| E|CS|TAMS 0x0000000085600000| PB 0x0000000085600000| Complete 
|  87|0x0000000085700000, 0x0000000085800000, 0x0000000085800000|100%| E|CS|TAMS 0x0000000085700000| PB 0x0000000085700000| Complete 
|  88|0x0000000085800000, 0x0000000085900000, 0x0000000085900000|100%| E|CS|TAMS 0x0000000085800000| PB 0x0000000085800000| Complete 
|  89|0x0000000085900000, 0x0000000085a00000, 0x0000000085a00000|100%| E|CS|TAMS 0x0000000085900000| PB 0x0000000085900000| Complete 
|  90|0x0000000085a00000, 0x0000000085b00000, 0x0000000085b00000|100%| E|CS|TAMS 0x0000000085a00000| PB 0x0000000085a00000| Complete 
|  91|0x0000000085b00000, 0x0000000085c00000, 0x0000000085c00000|100%| E|CS|TAMS 0x0000000085b00000| PB 0x0000000085b00000| Complete 
|  92|0x0000000085c00000, 0x0000000085d00000, 0x0000000085d00000|100%| E|CS|TAMS 0x0000000085c00000| PB 0x0000000085c00000| Complete 
|  93|0x0000000085d00000, 0x0000000085e00000, 0x0000000085e00000|100%| E|CS|TAMS 0x0000000085d00000| PB 0x0000000085d00000| Complete 
|  94|0x0000000085e00000, 0x0000000085f00000, 0x0000000085f00000|100%| E|CS|TAMS 0x0000000085e00000| PB 0x0000000085e00000| Complete 
|  95|0x0000000085f00000, 0x0000000086000000, 0x0000000086000000|100%| E|CS|TAMS 0x0000000085f00000| PB 0x0000000085f00000| Complete 
|  96|0x0000000086000000, 0x0000000086100000, 0x0000000086100000|100%| E|CS|TAMS 0x0000000086000000| PB 0x0000000086000000| Complete 
|  97|0x0000000086100000, 0x0000000086200000, 0x0000000086200000|100%| E|CS|TAMS 0x0000000086100000| PB 0x0000000086100000| Complete 
|  98|0x0000000086200000, 0x0000000086300000, 0x0000000086300000|100%| E|CS|TAMS 0x0000000086200000| PB 0x0000000086200000| Complete 
|  99|0x0000000086300000, 0x0000000086400000, 0x0000000086400000|100%| E|CS|TAMS 0x0000000086300000| PB 0x0000000086300000| Complete 
| 100|0x0000000086400000, 0x0000000086500000, 0x0000000086500000|100%| E|CS|TAMS 0x0000000086400000| PB 0x0000000086400000| Complete 
| 101|0x0000000086500000, 0x0000000086600000, 0x0000000086600000|100%| E|CS|TAMS 0x0000000086500000| PB 0x0000000086500000| Complete 
| 102|0x0000000086600000, 0x0000000086700000, 0x0000000086700000|100%| E|CS|TAMS 0x0000000086600000| PB 0x0000000086600000| Complete 
| 103|0x0000000086700000, 0x0000000086800000, 0x0000000086800000|100%| E|CS|TAMS 0x0000000086700000| PB 0x0000000086700000| Complete 
| 104|0x0000000086800000, 0x0000000086900000, 0x0000000086900000|100%| E|CS|TAMS 0x0000000086800000| PB 0x0000000086800000| Complete 
| 105|0x0000000086900000, 0x0000000086a00000, 0x0000000086a00000|100%| E|CS|TAMS 0x0000000086900000| PB 0x0000000086900000| Complete 
| 106|0x0000000086a00000, 0x0000000086b00000, 0x0000000086b00000|100%| E|CS|TAMS 0x0000000086a00000| PB 0x0000000086a00000| Complete 
| 107|0x0000000086b00000, 0x0000000086c00000, 0x0000000086c00000|100%| E|CS|TAMS 0x0000000086b00000| PB 0x0000000086b00000| Complete 
| 108|0x0000000086c00000, 0x0000000086d00000, 0x0000000086d00000|100%| E|CS|TAMS 0x0000000086c00000| PB 0x0000000086c00000| Complete 
| 109|0x0000000086d00000, 0x0000000086e00000, 0x0000000086e00000|100%| E|CS|TAMS 0x0000000086d00000| PB 0x0000000086d00000| Complete 
| 110|0x0000000086e00000, 0x0000000086f00000, 0x0000000086f00000|100%| E|CS|TAMS 0x0000000086e00000| PB 0x0000000086e00000| Complete 
| 111|0x0000000086f00000, 0x0000000087000000, 0x0000000087000000|100%| E|CS|TAMS 0x0000000086f00000| PB 0x0000000086f00000| Complete 
| 112|0x0000000087000000, 0x0000000087100000, 0x0000000087100000|100%| E|CS|TAMS 0x0000000087000000| PB 0x0000000087000000| Complete 
| 113|0x0000000087100000, 0x0000000087200000, 0x0000000087200000|100%| E|CS|TAMS 0x0000000087100000| PB 0x0000000087100000| Complete 
| 114|0x0000000087200000, 0x0000000087300000, 0x0000000087300000|100%| E|CS|TAMS 0x0000000087200000| PB 0x0000000087200000| Complete 
| 115|0x0000000087300000, 0x0000000087400000, 0x0000000087400000|100%| E|CS|TAMS 0x0000000087300000| PB 0x0000000087300000| Complete 
| 116|0x0000000087400000, 0x0000000087500000, 0x0000000087500000|100%| E|CS|TAMS 0x0000000087400000| PB 0x0000000087400000| Complete 
| 117|0x0000000087500000, 0x0000000087591988, 0x0000000087600000| 56%| S|CS|TAMS 0x0000000087500000| PB 0x0000000087500000| Complete 
| 118|0x0000000087600000, 0x0000000087700000, 0x0000000087700000|100%| S|CS|TAMS 0x0000000087600000| PB 0x0000000087600000| Complete 
| 119|0x0000000087700000, 0x0000000087800000, 0x0000000087800000|100%| E|CS|TAMS 0x0000000087700000| PB 0x0000000087700000| Complete 
| 120|0x0000000087800000, 0x0000000087900000, 0x0000000087900000|100%| E|CS|TAMS 0x0000000087800000| PB 0x0000000087800000| Complete 
| 121|0x0000000087900000, 0x0000000087a00000, 0x0000000087a00000|100%| E|CS|TAMS 0x0000000087900000| PB 0x0000000087900000| Complete 
| 122|0x0000000087a00000, 0x0000000087b00000, 0x0000000087b00000|100%| E|CS|TAMS 0x0000000087a00000| PB 0x0000000087a00000| Complete 
| 123|0x0000000087b00000, 0x0000000087c00000, 0x0000000087c00000|100%| E|CS|TAMS 0x0000000087b00000| PB 0x0000000087b00000| Complete 
| 124|0x0000000087c00000, 0x0000000087d00000, 0x0000000087d00000|100%| E|CS|TAMS 0x0000000087c00000| PB 0x0000000087c00000| Complete 
| 125|0x0000000087d00000, 0x0000000087e00000, 0x0000000087e00000|100%| E|CS|TAMS 0x0000000087d00000| PB 0x0000000087d00000| Complete 
| 126|0x0000000087e00000, 0x0000000087f00000, 0x0000000087f00000|100%| E|CS|TAMS 0x0000000087e00000| PB 0x0000000087e00000| Complete 
| 127|0x0000000087f00000, 0x0000000088000000, 0x0000000088000000|100%| E|CS|TAMS 0x0000000087f00000| PB 0x0000000087f00000| Complete 

Card table byte_map: [0x000000bab4750000,0x000000bab4b50000] _byte_map_base: 0x000000bab4350000

Marking Bits: (CMBitMap*) 0x000000baa50fdca0
 Bits: [0x000000bab4b50000, 0x000000bab6b50000)

Polling page: 0x000000baa45f0000

Metaspace:

Usage:
  Non-class:     25.21 MB used.
      Class:      2.90 MB used.
       Both:     28.12 MB used.

Virtual space:
  Non-class space:       64.00 MB reserved,      25.44 MB ( 40%) committed,  1 nodes.
      Class space:        1.00 GB reserved,       3.12 MB ( <1%) committed,  1 nodes.
             Both:        1.06 GB reserved,      28.56 MB (  3%) committed. 

Chunk freelists:
   Non-Class:  6.22 MB
       Class:  12.70 MB
        Both:  18.92 MB

MaxMetaspaceSize: unlimited
CompressedClassSpaceSize: 1.00 GB
Initial GC threshold: 21.00 MB
Current GC threshold: 35.25 MB
CDS: off
 - commit_granule_bytes: 65536.
 - commit_granule_words: 8192.
 - virtual_space_node_default_size: 8388608.
 - enlarge_chunks_in_place: 1.
 - use_allocation_guard: 0.


Internal statistics:

num_allocs_failed_limit: 3.
num_arena_births: 602.
num_arena_deaths: 0.
num_vsnodes_births: 2.
num_vsnodes_deaths: 0.
num_space_committed: 457.
num_space_uncommitted: 0.
num_chunks_returned_to_freelist: 3.
num_chunks_taken_from_freelist: 1170.
num_chunk_merges: 0.
num_chunk_splits: 683.
num_chunks_enlarged: 300.
num_inconsistent_stats: 0.

CodeHeap 'non-profiled nmethods': size=120000Kb used=1642Kb max_used=1642Kb free=118357Kb
 bounds [0x000000baacc40000, 0x000000baaceb0000, 0x000000bab4170000]
CodeHeap 'profiled nmethods': size=120000Kb used=6963Kb max_used=6963Kb free=113036Kb
 bounds [0x000000baa5170000, 0x000000baa5840000, 0x000000baac6a0000]
CodeHeap 'non-nmethods': size=5760Kb used=1512Kb max_used=1584Kb free=4248Kb
 bounds [0x000000baac6a0000, 0x000000baac910000, 0x000000baacc40000]
 total_blobs=3995 nmethods=3409 adapters=490
 compilation: enabled
              stopped_count=0, restarted_count=0
 full_count=0

Compilation events (20 events):
Event: 2216.591 Thread 0x000000bab93d7330 nmethod 3400 0x000000baacdd8e90 code [0x000000baacdd9060, 0x000000baacdd9690]
Event: 2225.588 Thread 0x000000bab93d7330 3401       4       java.io.ObjectOutputStream$HandleTable::<init> (45 bytes)
Event: 2225.610 Thread 0x000000bab93d7330 nmethod 3401 0x000000baacdd9910 code [0x000000baacdd9ae0, 0x000000baacdda4c8]
Event: 2261.607 Thread 0x000000bab93db0e0 3402       3       sun.rmi.registry.RegistryImpl_Skel::getOperations (10 bytes)
Event: 2261.608 Thread 0x000000bab93db0e0 nmethod 3402 0x000000baa582e610 code [0x000000baa582e7c0, 0x000000baa582ea70]
Event: 2261.608 Thread 0x000000bab93db0e0 3403   !   3       sun.rmi.registry.RegistryImpl_Skel::dispatch (620 bytes)
Event: 2261.612 Thread 0x000000bab93db0e0 nmethod 3403 0x000000baa582eb10 code [0x000000baa582f500, 0x000000baa5833a68]
Event: 2292.391 Thread 0x000000bab93db0e0 3404       3       java.util.concurrent.ThreadPoolExecutor::beforeExecute (1 bytes)
Event: 2292.391 Thread 0x000000bab93db0e0 nmethod 3404 0x000000baa5836890 code [0x000000baa5836a20, 0x000000baa5836b28]
Event: 2292.412 Thread 0x000000bab93db0e0 3405       3       java.util.concurrent.ScheduledThreadPoolExecutor$DelayedWorkQueue::finishPoll (43 bytes)
Event: 2292.412 Thread 0x000000bab93db0e0 nmethod 3405 0x000000baa5836b90 code [0x000000baa5836d80, 0x000000baa5837310]
Event: 2292.459 Thread 0x000000bab93db0e0 3407       3       java.util.concurrent.locks.AbstractQueuedSynchronizer$ConditionObject::awaitNanos (207 bytes)
Event: 2292.460 Thread 0x000000bab93db0e0 nmethod 3407 0x000000baa5837510 code [0x000000baa5837800, 0x000000baa58386a8]
Event: 2292.460 Thread 0x000000bab93db0e0 3406   !   3       java.util.concurrent.FutureTask::run (123 bytes)
Event: 2292.463 Thread 0x000000bab93db0e0 nmethod 3406 0x000000baa5838c10 code [0x000000baa58390e0, 0x000000baa583bb58]
Event: 2303.694 Thread 0x000000bab93d7330 3408       4       java.util.concurrent.ScheduledThreadPoolExecutor$ScheduledFutureTask::compareTo (101 bytes)
Event: 2303.695 Thread 0x000000bab93d7330 nmethod 3408 0x000000baacdda790 code [0x000000baacdda920, 0x000000baacddaa68]
Event: 2306.661 Thread 0x000000bab93db0e0 3409       3       com.intellij.execution.rmi.IdeaWatchdogImpl::ping (12 bytes)
Event: 2306.662 Thread 0x000000bab93db0e0 nmethod 3409 0x000000baa583c890 code [0x000000baa583ca40, 0x000000baa583cbc0]
Event: 2495.943 Thread 0x000000bab93d7330 3410   !   4       sun.rmi.transport.StreamRemoteCall::releaseInputStream (62 bytes)

GC Heap History (4 events):
Event: 1.462 GC heap before
{Heap before GC invocations=0 (full 0):
 garbage-first heap   total 131072K, used 26624K [0x0000000080000000, 0x0000000100000000)
  region size 1024K, 23 young (23552K), 0 survivors (0K)
 Metaspace       used 17373K, committed 17792K, reserved 1114112K
  class space    used 1812K, committed 1984K, reserved 1048576K
}
Event: 1.470 GC heap after
{Heap after GC invocations=1 (full 0):
 garbage-first heap   total 131072K, used 9024K [0x0000000080000000, 0x0000000100000000)
  region size 1024K, 3 young (3072K), 3 survivors (3072K)
 Metaspace       used 17373K, committed 17792K, reserved 1114112K
  class space    used 1812K, committed 1984K, reserved 1048576K
}
Event: 2.324 GC heap before
{Heap before GC invocations=1 (full 0):
 garbage-first heap   total 131072K, used 17216K [0x0000000080000000, 0x0000000100000000)
  region size 1024K, 12 young (12288K), 3 survivors (3072K)
 Metaspace       used 21136K, committed 21504K, reserved 1114112K
  class space    used 2191K, committed 2368K, reserved 1048576K
}
Event: 2.328 GC heap after
{Heap after GC invocations=2 (full 0):
 garbage-first heap   total 131072K, used 10811K [0x0000000080000000, 0x0000000100000000)
  region size 1024K, 2 young (2048K), 2 survivors (2048K)
 Metaspace       used 21136K, committed 21504K, reserved 1114112K
  class space    used 2191K, committed 2368K, reserved 1048576K
}

Dll operation events (2 events):
Event: 0.029 Loaded shared library C:\Program Files\JetBrains\IntelliJ IDEA 2024.2.0.2\jbr\bin\java.dll
Event: 0.041 Loaded shared library C:\Program Files\JetBrains\IntelliJ IDEA 2024.2.0.2\jbr\bin\zip.dll

Deoptimization events (20 events):
Event: 301.182 Thread 0x000000babebde130 DEOPT PACKING pc=0x000000baacd5a6ac sp=0x000000bac06cecc0
Event: 301.183 Thread 0x000000babebde130 DEOPT UNPACKING pc=0x000000baac6f46a2 sp=0x000000bac06cebe8 mode 2
Event: 301.184 Thread 0x000000babebde130 Uncommon trap: trap_request=0xffffff45 fr.pc=0x000000baacd56ae0 relative=0x0000000000000140
Event: 301.184 Thread 0x000000babebde130 Uncommon trap: reason=unstable_if action=reinterpret pc=0x000000baacd56ae0 method=java.lang.ThreadLocal$ThreadLocalMap.getEntry(Ljava/lang/ThreadLocal;)Ljava/lang/ThreadLocal$ThreadLocalMap$Entry; @ 21 c2
Event: 301.184 Thread 0x000000babebde130 DEOPT PACKING pc=0x000000baacd56ae0 sp=0x000000bac06cea90
Event: 301.184 Thread 0x000000babebde130 DEOPT UNPACKING pc=0x000000baac6f46a2 sp=0x000000bac06ce9a0 mode 2
Event: 586.335 Thread 0x000000babebda5f0 Uncommon trap: trap_request=0xffffff45 fr.pc=0x000000baacd50134 relative=0x0000000000000614
Event: 586.335 Thread 0x000000babebda5f0 Uncommon trap: reason=unstable_if action=reinterpret pc=0x000000baacd50134 method=java.io.BufferedInputStream.implRead()I @ 23 c2
Event: 586.335 Thread 0x000000babebda5f0 DEOPT PACKING pc=0x000000baacd50134 sp=0x000000bac03ceae0
Event: 586.335 Thread 0x000000babebda5f0 DEOPT UNPACKING pc=0x000000baac6f46a2 sp=0x000000bac03cea28 mode 2
Event: 1992.080 Thread 0x000000babebdcd80 Uncommon trap: trap_request=0xffffff45 fr.pc=0x000000baacd8cc20 relative=0x0000000000000320
Event: 1992.080 Thread 0x000000babebdcd80 Uncommon trap: reason=unstable_if action=reinterpret pc=0x000000baacd8cc20 method=java.io.ObjectInputStream$BlockDataInputStream.readUnsignedShort()I @ 4 c2
Event: 1992.080 Thread 0x000000babebdcd80 DEOPT PACKING pc=0x000000baacd8cc20 sp=0x000000baa4a3ddc0
Event: 1992.081 Thread 0x000000babebdcd80 DEOPT UNPACKING pc=0x000000baac6f46a2 sp=0x000000baa4a3dd70 mode 2
Event: 1992.081 Thread 0x000000babebdcd80 Uncommon trap: trap_request=0xffffff45 fr.pc=0x000000baacd8e2f0 relative=0x0000000000000df0
Event: 1992.081 Thread 0x000000babebdcd80 Uncommon trap: reason=unstable_if action=reinterpret pc=0x000000baacd8e2f0 method=java.io.ObjectInputStream$BlockDataInputStream.readUTFBody(J)Ljava/lang/String; @ 48 c2
Event: 1992.081 Thread 0x000000babebdcd80 DEOPT PACKING pc=0x000000baacd8e2f0 sp=0x000000baa4a3dd80
Event: 1992.081 Thread 0x000000babebdcd80 DEOPT UNPACKING pc=0x000000baac6f46a2 sp=0x000000baa4a3dd58 mode 2
Event: 1992.546 Thread 0x000000babebdcd80 DEOPT PACKING pc=0x000000baa55dd0c4 sp=0x000000baa4a3d430
Event: 1992.546 Thread 0x000000babebdcd80 DEOPT UNPACKING pc=0x000000baac6f4e42 sp=0x000000baa4a3c8f0 mode 0

Classes loaded (20 events):
Event: 3.256 Loading class sun/security/ssl/Alert$Level
Event: 3.256 Loading class sun/security/ssl/Alert$Level done
Event: 3.258 Loading class java/io/InterruptedIOException
Event: 3.258 Loading class java/io/InterruptedIOException done
Event: 3.258 Loading class java/lang/StackTraceElement$HashedModules
Event: 3.259 Loading class java/lang/StackTraceElement$HashedModules done
Event: 3.442 Loading class java/lang/AbstractMethodError
Event: 3.442 Loading class java/lang/AbstractMethodError done
Event: 3.457 Loading class java/lang/Short$ShortCache
Event: 3.457 Loading class java/lang/Short$ShortCache done
Event: 3.459 Loading class java/util/regex/Pattern$Behind
Event: 3.459 Loading class java/util/regex/Pattern$Behind done
Event: 3.460 Loading class java/util/regex/Pattern$Pos
Event: 3.460 Loading class java/util/regex/Pattern$Pos done
Event: 16.159 Loading class java/util/ArrayList$ListItr
Event: 16.159 Loading class java/util/ArrayList$ListItr done
Event: 91.119 Loading class java/util/IdentityHashMap$KeyIterator
Event: 91.119 Loading class java/util/IdentityHashMap$IdentityHashMapIterator
Event: 91.120 Loading class java/util/IdentityHashMap$IdentityHashMapIterator done
Event: 91.120 Loading class java/util/IdentityHashMap$KeyIterator done

Classes unloaded (0 events):
No events

Classes redefined (0 events):
No events

Internal exceptions (20 events):
Event: 3.124 Thread 0x000000babebda5f0 Exception <a 'java/lang/NoSuchMethodError'{0x00000000874c1d60}: 'void java.lang.invoke.DirectMethodHandle$Holder.invokeInterface(java.lang.Object, java.lang.Object, int)'> (0x00000000874c1d60) 
thrown [s\src\hotspot\share\interpreter\linkResolver.cpp, line 784]
Event: 3.125 Thread 0x000000babebda5f0 Exception <a 'java/lang/NoSuchMethodError'{0x00000000874c5b68}: 'void java.lang.invoke.DelegatingMethodHandle$Holder.reinvoke_L(java.lang.Object, java.lang.Object, int)'> (0x00000000874c5b68) 
thrown [s\src\hotspot\share\interpreter\linkResolver.cpp, line 784]
Event: 3.230 Thread 0x000000babebda5f0 Exception <a 'java/lang/NoSuchMethodError'{0x00000000872af1f8}: 'java.lang.Object java.lang.invoke.DirectMethodHandle$Holder.invokeInterface(java.lang.Object, java.lang.Object, int)'> (0x00000000872af1f8) 
thrown [s\src\hotspot\share\interpreter\linkResolver.cpp, line 784]
Event: 3.244 Thread 0x000000babebda5f0 Exception <a 'java/lang/NoSuchMethodError'{0x00000000872eb458}: 'void java.lang.invoke.DirectMethodHandle$Holder.invokeInterface(java.lang.Object, java.lang.Object)'> (0x00000000872eb458) 
thrown [s\src\hotspot\share\interpreter\linkResolver.cpp, line 784]
Event: 3.258 Thread 0x000000babebda5f0 Exception <a 'java/io/IOException'{0x0000000087106c48}> (0x0000000087106c48) 
thrown [s\src\hotspot\share\prims\jni.cpp, line 535]
Event: 3.461 Thread 0x000000babebda5f0 Exception <a 'java/lang/NoSuchMethodError'{0x0000000086f40d18}: static Lcom/intellij/database/remote/jdba/core/ConnectionInfo;.<clinit>()V> (0x0000000086f40d18) 
thrown [s\src\hotspot\share\prims\jni.cpp, line 1126]
Event: 3.461 Thread 0x000000babebda5f0 Exception <a 'java/lang/NoSuchMethodError'{0x0000000086f4b810}: static Ljava/lang/Object;.<clinit>()V> (0x0000000086f4b810) 
thrown [s\src\hotspot\share\prims\jni.cpp, line 1126]
Event: 3.462 Thread 0x000000babebda5f0 Exception <a 'java/lang/NoSuchMethodError'{0x0000000086f4fdf0}: static [I.<clinit>()V> (0x0000000086f4fdf0) 
thrown [s\src\hotspot\share\prims\jni.cpp, line 1126]
Event: 3.480 Thread 0x000000babebda5f0 Exception <a 'java/lang/NoSuchMethodError'{0x0000000086f746b8}: 'java.lang.Object java.lang.invoke.DirectMethodHandle$Holder.invokeInterface(java.lang.Object, java.lang.Object, java.lang.Object, java.lang.Object)'> (0x0000000086f746b8) 
thrown [s\src\hotspot\share\interpreter\linkResolver.cpp, line 784]
Event: 3.510 Thread 0x000000babebda5f0 Exception <a 'java/lang/NoSuchMethodError'{0x0000000086e7a950}: static Lcom/intellij/database/remote/jdba/core/ResultLayout;.<clinit>()V> (0x0000000086e7a950) 
thrown [s\src\hotspot\share\prims\jni.cpp, line 1126]
Event: 3.511 Thread 0x000000babebda5f0 Exception <a 'java/lang/NoSuchMethodError'{0x0000000086e87a58}: static Lcom/intellij/database/remote/jdba/core/RowLayout;.<clinit>()V> (0x0000000086e87a58) 
thrown [s\src\hotspot\share\prims\jni.cpp, line 1126]
Event: 3.512 Thread 0x000000babebda5f0 Exception <a 'java/lang/NoSuchMethodError'{0x0000000086e934a0}: static Lcom/intellij/database/remote/jdba/util/NameAndClass;.<clinit>()V> (0x0000000086e934a0) 
thrown [s\src\hotspot\share\prims\jni.cpp, line 1126]
Event: 3.512 Thread 0x000000babebda5f0 Exception <a 'java/lang/NoSuchMethodError'{0x0000000086e96090}: 'java.lang.Object java.lang.invoke.DirectMethodHandle$Holder.invokeInterface(java.lang.Object, java.lang.Object, int, java.lang.Object)'> (0x0000000086e96090) 
thrown [s\src\hotspot\share\interpreter\linkResolver.cpp, line 784]
Event: 3.513 Thread 0x000000babebda5f0 Exception <a 'java/lang/NoSuchMethodError'{0x0000000086e9a150}: 'java.lang.Object java.lang.invoke.DirectMethodHandle$Holder.invokeSpecial(java.lang.Object, java.lang.Object, java.lang.Object, int, java.lang.Object)'> (0x0000000086e9a150) 
thrown [s\src\hotspot\share\interpreter\linkResolver.cpp, line 784]
Event: 3.535 Thread 0x000000babebda5f0 Exception <a 'java/lang/NoSuchMethodError'{0x0000000086d107c8}: static [Ljava/lang/String;.<clinit>()V> (0x0000000086d107c8) 
thrown [s\src\hotspot\share\prims\jni.cpp, line 1126]
Event: 3.612 Thread 0x000000babebda5f0 Exception <a 'java/lang/NoSuchMethodError'{0x0000000086de6050}: static [Ljava/lang/Object;.<clinit>()V> (0x0000000086de6050) 
thrown [s\src\hotspot\share\prims\jni.cpp, line 1126]
Event: 4.067 Thread 0x000000babebda5f0 Exception <a 'java/io/IOException'{0x00000000867dde00}> (0x00000000867dde00) 
thrown [s\src\hotspot\share\prims\jni.cpp, line 535]
Event: 301.182 Thread 0x000000babebde130 Implicit null exception at 0x000000baacd5a5eb to 0x000000baacd5a694
Event: 301.184 Thread 0x000000babebde130 Implicit null exception at 0x000000baacd56a00 to 0x000000baacd56ac0
Event: 2003.811 Thread 0x000000babebdcd80 Exception <a 'java/io/IOException'{0x000000008568ca58}> (0x000000008568ca58) 
thrown [s\src\hotspot\share\prims\jni.cpp, line 535]

ZGC Phase Switch (0 events):
No events

VM Operations (20 events):
Event: 1801.566 Executing VM operation: Cleanup
Event: 1801.566 Executing VM operation: Cleanup done
Event: 1812.573 Executing VM operation: Cleanup
Event: 1812.573 Executing VM operation: Cleanup done
Event: 1992.161 Executing VM operation: Cleanup
Event: 1992.161 Executing VM operation: Cleanup done
Event: 1993.161 Executing VM operation: Cleanup
Event: 1993.161 Executing VM operation: Cleanup done
Event: 2001.164 Executing VM operation: Cleanup
Event: 2001.164 Executing VM operation: Cleanup done
Event: 2004.164 Executing VM operation: Cleanup
Event: 2004.165 Executing VM operation: Cleanup done
Event: 2010.167 Executing VM operation: Cleanup
Event: 2010.167 Executing VM operation: Cleanup done
Event: 2044.928 Executing VM operation: HandshakeAllThreads (HandshakeForDeflation)
Event: 2044.928 Executing VM operation: HandshakeAllThreads (HandshakeForDeflation) done
Event: 2044.928 Executing VM operation: RendezvousGCThreads
Event: 2044.928 Executing VM operation: RendezvousGCThreads done
Event: 2292.570 Executing VM operation: Cleanup
Event: 2292.570 Executing VM operation: Cleanup done

Events (20 events):
Event: 4.806 Thread 0x000000babebdd410 Thread added: 0x000000babebdd410
Event: 4.806 Thread 0x000000babebdb340 Thread added: 0x000000babebdb340
Event: 4.806 Thread 0x000000babebddaa0 Thread added: 0x000000babebddaa0
Event: 4.806 Thread 0x000000babebdb9d0 Thread added: 0x000000babebdb9d0
Event: 4.808 Thread 0x000000babebdb340 Thread exited: 0x000000babebdb340
Event: 4.808 Thread 0x000000babebdd410 Thread exited: 0x000000babebdd410
Event: 4.808 Thread 0x000000babebddaa0 Thread exited: 0x000000babebddaa0
Event: 4.808 Thread 0x000000babebdb9d0 Thread exited: 0x000000babebdb9d0
Event: 91.120 Thread 0x000000babeb6f310 Thread exited: 0x000000babeb6f310
Event: 91.128 Thread 0x000000babebdc6f0 Thread exited: 0x000000babebdc6f0
Event: 559.501 Thread 0x000000babebdcd80 Thread added: 0x000000babebdcd80
Event: 646.353 Thread 0x000000babebda5f0 Thread exited: 0x000000babebda5f0
Event: 2039.902 Thread 0x000000babebdd410 Thread added: 0x000000babebdd410
Event: 2039.903 Thread 0x000000babebdb340 Thread added: 0x000000babebdb340
Event: 2039.903 Thread 0x000000babebdc6f0 Thread added: 0x000000babebdc6f0
Event: 2039.903 Thread 0x000000babebdb9d0 Thread added: 0x000000babebdb9d0
Event: 2039.946 Thread 0x000000babebdb340 Thread exited: 0x000000babebdb340
Event: 2039.949 Thread 0x000000babebdc6f0 Thread exited: 0x000000babebdc6f0
Event: 2040.027 Thread 0x000000babebdb9d0 Thread exited: 0x000000babebdb9d0
Event: 2040.027 Thread 0x000000babebdd410 Thread exited: 0x000000babebdd410


Dynamic libraries:
0x00007ff6c9390000 - 0x00007ff6c939a000 	C:\Program Files\JetBrains\IntelliJ IDEA 2024.2.0.2\jbr\bin\java.exe
0x00007ffddffc0000 - 0x00007ffde0221000 	C:\WINDOWS\SYSTEM32\ntdll.dll
0x00007ffddf0a0000 - 0x00007ffddf168000 	C:\WINDOWS\System32\KERNEL32.DLL
0x00007ffddda80000 - 0x00007ffddde29000 	C:\WINDOWS\System32\KERNELBASE.dll
0x00007ffddd920000 - 0x00007ffddda6e000 	C:\WINDOWS\System32\ucrtbase.dll
0x00007ffdc55f0000 - 0x00007ffdc5608000 	C:\Program Files\JetBrains\IntelliJ IDEA 2024.2.0.2\jbr\bin\jli.dll
0x00007ffdd4120000 - 0x00007ffdd413b000 	C:\Program Files\JetBrains\IntelliJ IDEA 2024.2.0.2\jbr\bin\VCRUNTIME140.dll
0x00007ffdde3b0000 - 0x00007ffdde574000 	C:\WINDOWS\System32\USER32.dll
0x00007ffddd750000 - 0x00007ffddd777000 	C:\WINDOWS\System32\win32u.dll
0x00007ffdc38c0000 - 0x00007ffdc3b51000 	C:\WINDOWS\WinSxS\amd64_microsoft.windows.common-controls_6595b64144ccf1df_6.0.27695.1000_none_111eef8ef4318350\COMCTL32.dll
0x00007ffddf260000 - 0x00007ffddf293000 	C:\WINDOWS\System32\GDI32.dll
0x00007ffdddf50000 - 0x00007ffdddff9000 	C:\WINDOWS\System32\msvcrt.dll
0x00007ffddd780000 - 0x00007ffddd89b000 	C:\WINDOWS\System32\gdi32full.dll
0x00007ffddd350000 - 0x00007ffddd3f3000 	C:\WINDOWS\System32\msvcp_win.dll
0x00007ffddf370000 - 0x00007ffddf39f000 	C:\WINDOWS\System32\IMM32.DLL
0x00007ffdd6530000 - 0x00007ffdd653c000 	C:\Program Files\JetBrains\IntelliJ IDEA 2024.2.0.2\jbr\bin\vcruntime140_1.dll
0x00007ffdc1d40000 - 0x00007ffdc1dcd000 	C:\Program Files\JetBrains\IntelliJ IDEA 2024.2.0.2\jbr\bin\msvcp140.dll
0x00007ffd7ada0000 - 0x00007ffd7bb52000 	C:\Program Files\JetBrains\IntelliJ IDEA 2024.2.0.2\jbr\bin\server\jvm.dll
0x00007ffddf2a0000 - 0x00007ffddf352000 	C:\WINDOWS\System32\ADVAPI32.dll
0x00007ffdde000000 - 0x00007ffdde0a7000 	C:\WINDOWS\System32\sechost.dll
0x00007ffddde30000 - 0x00007ffdddf4a000 	C:\WINDOWS\System32\RPCRT4.dll
0x00007ffdde920000 - 0x00007ffdde994000 	C:\WINDOWS\System32\WS2_32.dll
0x00007ffddd030000 - 0x00007ffddd07e000 	C:\WINDOWS\SYSTEM32\POWRPROF.dll
0x00007ffdd3ed0000 - 0x00007ffdd3f06000 	C:\WINDOWS\SYSTEM32\WINMM.dll
0x00007ffdd6380000 - 0x00007ffdd638b000 	C:\WINDOWS\SYSTEM32\VERSION.dll
0x00007ffddd010000 - 0x00007ffddd025000 	C:\WINDOWS\SYSTEM32\UMPDC.dll
0x00007ffddc1d0000 - 0x00007ffddc1ea000 	C:\WINDOWS\SYSTEM32\kernel.appcore.dll
0x00007ffdd6240000 - 0x00007ffdd624a000 	C:\Program Files\JetBrains\IntelliJ IDEA 2024.2.0.2\jbr\bin\jimage.dll
0x00007ffdc82d0000 - 0x00007ffdc852c000 	C:\WINDOWS\SYSTEM32\DBGHELP.DLL
0x00007ffddf3e0000 - 0x00007ffddf75d000 	C:\WINDOWS\System32\combase.dll
0x00007ffddf800000 - 0x00007ffddf8d6000 	C:\WINDOWS\System32\OLEAUT32.dll
0x00007ffdc6c40000 - 0x00007ffdc6c79000 	C:\WINDOWS\SYSTEM32\dbgcore.DLL
0x00007ffddd640000 - 0x00007ffddd6d7000 	C:\WINDOWS\System32\bcryptPrimitives.dll
0x00007ffdcba90000 - 0x00007ffdcbaaf000 	C:\Program Files\JetBrains\IntelliJ IDEA 2024.2.0.2\jbr\bin\java.dll
0x00007ffdcb200000 - 0x00007ffdcb218000 	C:\Program Files\JetBrains\IntelliJ IDEA 2024.2.0.2\jbr\bin\zip.dll
0x00007ffdde9a0000 - 0x00007ffddf092000 	C:\WINDOWS\System32\SHELL32.dll
0x00007ffddb060000 - 0x00007ffddb885000 	C:\WINDOWS\SYSTEM32\windows.storage.dll
0x00007ffdde7e0000 - 0x00007ffdde8b3000 	C:\WINDOWS\System32\SHCORE.dll
0x00007ffdde8c0000 - 0x00007ffdde91d000 	C:\WINDOWS\System32\shlwapi.dll
0x00007ffddd270000 - 0x00007ffddd299000 	C:\WINDOWS\SYSTEM32\profapi.dll
0x00007ffdd4110000 - 0x00007ffdd4120000 	C:\Program Files\JetBrains\IntelliJ IDEA 2024.2.0.2\jbr\bin\net.dll
0x00007ffdd6a00000 - 0x00007ffdd6b20000 	C:\WINDOWS\SYSTEM32\WINHTTP.dll
0x00007ffddd6e0000 - 0x00007ffddd748000 	C:\WINDOWS\System32\mswsock.dll
0x00007ffdcb1e0000 - 0x00007ffdcb1f6000 	C:\Program Files\JetBrains\IntelliJ IDEA 2024.2.0.2\jbr\bin\nio.dll
0x00007ffddbbe0000 - 0x00007ffddbc12000 	C:\WINDOWS\SYSTEM32\IPHLPAPI.DLL
0x00007ffddf760000 - 0x00007ffddf76a000 	C:\WINDOWS\System32\NSI.dll
0x00007ffddca00000 - 0x00007ffddca1c000 	C:\WINDOWS\SYSTEM32\CRYPTSP.dll
0x00007ffddc130000 - 0x00007ffddc167000 	C:\WINDOWS\system32\rsaenh.dll
0x00007ffddc6d0000 - 0x00007ffddc6fb000 	C:\WINDOWS\SYSTEM32\USERENV.dll
0x00007ffddcbf0000 - 0x00007ffddcc16000 	C:\WINDOWS\SYSTEM32\bcrypt.dll
0x00007ffddc860000 - 0x00007ffddc86c000 	C:\WINDOWS\SYSTEM32\CRYPTBASE.dll
0x00007ffdcb1b0000 - 0x00007ffdcb1b9000 	C:\Program Files\JetBrains\IntelliJ IDEA 2024.2.0.2\jbr\bin\extnet.dll
0x00007ffdd9b40000 - 0x00007ffdd9b47000 	C:\Program Files\JetBrains\IntelliJ IDEA 2024.2.0.2\jbr\bin\rmi.dll
0x00007ffddbc20000 - 0x00007ffddbd40000 	C:\WINDOWS\SYSTEM32\DNSAPI.dll
0x00007ffdd53e0000 - 0x00007ffdd53eb000 	C:\Windows\System32\rasadhlp.dll
0x00007ffdd5eb0000 - 0x00007ffdd5f36000 	C:\WINDOWS\System32\fwpuclnt.dll
0x00007ffdcb6c0000 - 0x00007ffdcb6ce000 	C:\Program Files\JetBrains\IntelliJ IDEA 2024.2.0.2\jbr\bin\sunmscapi.dll
0x00007ffddd400000 - 0x00007ffddd576000 	C:\WINDOWS\System32\CRYPT32.dll
0x00007ffddcbb0000 - 0x00007ffddcbe0000 	C:\WINDOWS\SYSTEM32\ncrypt.dll
0x00007ffddcaf0000 - 0x00007ffddcb2f000 	C:\WINDOWS\SYSTEM32\NTASN1.dll

dbghelp: loaded successfully - version: 4.0.5 - missing functions: none
symbol engine: initialized successfully - sym options: 0x614 - pdb path: .;C:\Program Files\JetBrains\IntelliJ IDEA 2024.2.0.2\jbr\bin;C:\WINDOWS\SYSTEM32;C:\WINDOWS\WinSxS\amd64_microsoft.windows.common-controls_6595b64144ccf1df_6.0.27695.1000_none_111eef8ef4318350;C:\Program Files\JetBrains\IntelliJ IDEA 2024.2.0.2\jbr\bin\server

VM Arguments:
jvm_args: -Djava.rmi.server.hostname=127.0.0.1 -Duser.timezone=UTC -Xmx2048m -Xms128m -Djdbc.classpath=C:\Users\FRANS\AppData\Local\Temp\RemoteDriver121.classpath.txt --add-exports=java.desktop/sun.awt=ALL-UNNAMED --add-exports=java.desktop/java.awt.peer=ALL-UNNAMED --add-opens=java.desktop/java.awt=ALL-UNNAMED --add-opens=jdk.unsupported/sun.misc=ALL-UNNAMED --add-opens=java.base/java.nio=ALL-UNNAMED --add-opens=java.base/java.util=ALL-UNNAMED -Dfile.encoding=UTF-8 -Dsun.stdout.encoding=UTF-8 -Dsun.stderr.encoding=UTF-8 
java_command: com.intellij.database.remote.RemoteJdbcServer com.mysql.cj.jdbc.Driver
java_class_path (initial): C:\Program Files\JetBrains\IntelliJ IDEA 2024.2.0.2\lib\util_rt.jar;C:\Program Files\JetBrains\IntelliJ IDEA 2024.2.0.2\lib\util-8.jar;C:\Program Files\JetBrains\IntelliJ IDEA 2024.2.0.2\lib\groovy.jar;C:\Program Files\JetBrains\IntelliJ IDEA 2024.2.0.2\plugins\DatabaseTools\lib\jdbc-console.jar;C:\Program Files\JetBrains\IntelliJ IDEA 2024.2.0.2\plugins\grid-core-impl\lib\jdbc-console-types.jar;C:\Program Files\JetBrains\IntelliJ IDEA 2024.2.0.2\lib\util.jar;C:\Program Files\JetBrains\IntelliJ IDEA 2024.2.0.2\lib\bouncy-castle.jar
Launcher Type: SUN_STANDARD

[Global flags]
     intx CICompilerCount                          = 4                                         {product} {ergonomic}
     uint ConcGCThreads                            = 2                                         {product} {ergonomic}
     uint G1ConcRefinementThreads                  = 8                                         {product} {ergonomic}
   size_t G1HeapRegionSize                         = 1048576                                   {product} {ergonomic}
    uintx GCDrainStackTargetSize                   = 64                                        {product} {ergonomic}
   size_t InitialHeapSize                          = 134217728                                 {product} {command line}
   size_t MarkStackSize                            = 4194304                                   {product} {ergonomic}
   size_t MaxHeapSize                              = 2147483648                                {product} {command line}
   size_t MaxNewSize                               = 1287651328                                {product} {ergonomic}
   size_t MinHeapDeltaBytes                        = 1048576                                   {product} {ergonomic}
   size_t MinHeapSize                              = 134217728                                 {product} {command line}
    uintx NonNMethodCodeHeapSize                   = 5839372                                {pd product} {ergonomic}
    uintx NonProfiledCodeHeapSize                  = 122909434                              {pd product} {ergonomic}
    uintx ProfiledCodeHeapSize                     = 122909434                              {pd product} {ergonomic}
    uintx ReservedCodeCacheSize                    = 251658240                              {pd product} {ergonomic}
     bool SegmentedCodeCache                       = true                                      {product} {ergonomic}
   size_t SoftMaxHeapSize                          = 2147483648                             {manageable} {ergonomic}
     bool UseCompressedOops                        = true                           {product lp64_product} {ergonomic}
     bool UseG1GC                                  = true                                      {product} {ergonomic}
     bool UseLargePagesIndividualAllocation        = false                                  {pd product} {ergonomic}

Logging:
Log output configuration:
 #0: stdout all=warning uptime,level,tags foldmultilines=false
 #1: stderr all=off uptime,level,tags foldmultilines=false

Environment Variables:
JAVA_HOME=C:\Program Files\Java\jdk-17
PATH=C:\Program Files\Common Files\Oracle\Java\javapath;C:\Windows\system32;C:\Windows;C:\Windows\System32\Wbem;C:\Windows\System32\WindowsPowerShell\v1.0\;C:\Windows\System32\OpenSSH\;C:\Program Files (x86)\NVIDIA Corporation\PhysX\Common;C:\Program Files\Java\jdk-17\bin;C:\Program Files\apache-maven-3.8.5\bin;%MAVEN_HOME%\bin;C:\WINDOWS\system32;C:\WINDOWS;C:\WINDOWS\System32\Wbem;C:\WINDOWS\System32\WindowsPowerShell\v1.0\;C:\WINDOWS\System32\OpenSSH\;C:\laragon\bin\php\php-8.1.10-Win32-vs16-x64;C:\composer;C:\Program Files\nodejs\;C:\Program Files\Git\cmd;C:\Program Files\MySQL\MySQL Shell 8.0\bin\;C:\laragon\bin;C:\laragon\bin\apache\httpd-2.4.54-win64-VS16\bin;C:\laragon\bin\composer;C:\laragon\bin\git\bin;C:\laragon\bin\git\cmd;C:\laragon\bin\git\mingw64\bin;C:\laragon\bin\git\usr\bin;C:\laragon\bin\laragon\utils;C:\laragon\bin\mysql\mysql-8.0.30-winx64\bin;C:\laragon\bin\nginx\nginx-1.22.0;C:\laragon\bin\ngrok;C:\laragon\bin\nodejs\node-v18;C:\laragon\bin\notepad++;C:\laragon\bin\php\php-8.3.7-Win32-vs16-x64;C:\laragon\bin\python\python-3.10;C:\laragon\bin\python\python-3.10\Scripts;C:\laragon\bin\redis\redis-x64-5.0.14.1;C:\laragon\bin\telnet;C:\laragon\usr\bin;C:\Users\FRANS\AppData\Local\Yarn\config\global\node_modules\.bin;C:\Users\FRANS\AppData\Roaming\Composer\vendor\bin;C:\Users\FRANS\AppData\Roaming\npm;C:\Program Files\Common Files\Oracle\Java\javapath;C:\Windows\system32;C:\Windows;C:\Windows\System32\Wbem;C:\Users\FRANS\AppData\Local\Programs\Microsoft VS Code\bin;C:\Users\FRANS\AppData\Local\Microsoft\WindowsApps;
USERNAME=FRANS
OS=Windows_NT
PROCESSOR_IDENTIFIER=Intel64 Family 6 Model 165 Stepping 3, GenuineIntel
TMP=C:\Users\FRANS\AppData\Local\Temp
TEMP=C:\Users\FRANS\AppData\Local\Temp




Periodic native trim disabled

JNI global refs:
JNI global refs: 17, weak refs: 0

JNI global refs memory usage: 835, weak refs: 833

Process memory usage:
Resident Set Size: 26248K (0% of 8283760K total physical memory with 624740K free physical memory)

OOME stack traces (most recent first):
Classloader memory used:
Loader bootstrap                                                                       : 21641K
Loader jdk.internal.loader.ClassLoaders$AppClassLoader                                 : 3405K
Loader com.intellij.database.remote.jdbc.impl.JdbcClassLoader$JdbcClassLoaderImpl      : 2802K
Loader jdk.internal.loader.ClassLoaders$PlatformClassLoader                            : 782K
Loader jdk.internal.reflect.DelegatingClassLoader                                      : 150K
Loader com.intellij.database.remote.jdbc.impl.JdbcClassLoader$1                        : 7736B

---------------  S Y S T E M  ---------------

OS:
 Windows 11 , 64 bit Build 27695 (10.0.27695.1000)
OS uptime: 0 days 5:45 hours
Hyper-V role detected

CPU: total 8 (initial active 8) (4 cores per cpu, 2 threads per core) family 6 model 165 stepping 3 microcode 0xea, cx8, cmov, fxsr, ht, mmx, 3dnowpref, sse, sse2, sse3, ssse3, sse4.1, sse4.2, popcnt, lzcnt, tsc, tscinvbit, avx, avx2, aes, erms, clmul, bmi1, bmi2, adx, fma, vzeroupper, clflush, clflushopt, hv, rdtscp, f16c
Processor Information for all 8 processors :
  Max Mhz: 3600, Current Mhz: 3600, Mhz Limit: 3600

Memory: 4k page, system-wide physical 8089M (605M free)
TotalPageFile size 16281M (AvailPageFile size 1M)
current process WorkingSet (physical memory assigned to process): 32M, peak: 136M
current process commit charge ("private bytes"): 247M, peak: 267M

vm_info: OpenJDK 64-Bit Server VM (21.0.3+13-b509.15) for windows-amd64 JRE (21.0.3+13-b509.15), built on 2024-09-04 by "builduser" with MS VC++ 16.10 / 16.11 (VS2019)

END.
