#
# There is insufficient memory for the Java Runtime Environment to continue.
# Native memory allocation (mmap) failed to map 57671680 bytes for G1 virtual space
# Possible reasons:
#   The system is out of physical RAM or swap space
#   The process is running with CompressedOops enabled, and the Java Heap may be blocking the growth of the native heap
# Possible solutions:
#   Reduce memory load on the system
#   Increase physical memory or swap space
#   Check if swap backing store is full
#   Decrease Java heap size (-Xmx/-Xms)
#   Decrease number of Java threads
#   Decrease Java thread stack sizes (-Xss)
#   Set larger code cache with -XX:ReservedCodeCacheSize=
#   JVM is running with Unscaled Compressed Oops mode in which the Java heap is
#     placed in the first 4GB address space. The Java Heap base address is the
#     maximum limit for the native heap growth. Please use -XX:HeapBaseMinAddress
#     to set the Java Heap base and to place the Java Heap above 4GB virtual address.
# This output file may be truncated or incomplete.
#
#  Out of Memory Error (os_windows.cpp:3548), pid=15180, tid=3184
#
# JRE version: Java(TM) SE Runtime Environment (17.0.11+7) (build 17.0.11+7-LTS-207)
# Java VM: Java HotSpot(TM) 64-Bit Server VM (17.0.11+7-LTS-207, mixed mode, emulated-client, sharing, tiered, compressed oops, compressed class ptrs, g1 gc, windows-amd64)
# No core dump will be written. Minidumps are not enabled by default on client versions of Windows
#

---------------  S U M M A R Y ------------

Command Line: -XX:TieredStopAtLevel=1 -Dspring.output.ansi.enabled=always -Dcom.sun.management.jmxremote -Dspring.jmx.enabled=true -Dspring.liveBeansView.mbeanDomain -Dspring.application.admin.enabled=true -Dmanagement.endpoints.jmx.exposure.include=* -javaagent:C:\Program Files\JetBrains\IntelliJ IDEA 2024.2.0.2\lib\idea_rt.jar=55647:C:\Program Files\JetBrains\IntelliJ IDEA 2024.2.0.2\bin -Dfile.encoding=UTF-8 com.upeu.notificationservice.MsNotificationServiceApplication

Host: Intel(R) Core(TM) i3-10100F CPU @ 3.60GHz, 8 cores, 7G,  Windows 11 , 64 bit Build 27695 (10.0.27695.1000)
Time: Sun Sep 22 00:56:08 2024 Hora est. Pacífico, Sudamérica elapsed time: 4.665578 seconds (0d 0h 0m 4s)

---------------  T H R E A D  ---------------

Current thread (0x000000800ab7d950):  VMThread "VM Thread" [stack: 0x000000800adf0000,0x000000800aef0000] [id=3184]

Stack: [0x000000800adf0000,0x000000800aef0000]
Native frames: (J=compiled Java code, j=interpreted, Vv=VM code, C=native code)
V  [jvm.dll+0x679cca]
V  [jvm.dll+0x7da13d]
V  [jvm.dll+0x7dba83]
V  [jvm.dll+0x7dc0f3]
V  [jvm.dll+0x2449af]
V  [jvm.dll+0x676ce9]
V  [jvm.dll+0x66b852]
V  [jvm.dll+0x3018d6]
V  [jvm.dll+0x308e76]
V  [jvm.dll+0x3596ee]
V  [jvm.dll+0x35991f]
V  [jvm.dll+0x2d89a8]
V  [jvm.dll+0x2d6ddd]
V  [jvm.dll+0x2d642c]
V  [jvm.dll+0x319f8b]
V  [jvm.dll+0x7e09eb]
V  [jvm.dll+0x7e1724]
V  [jvm.dll+0x7e1c3d]
V  [jvm.dll+0x7e2014]
V  [jvm.dll+0x7e20e0]
V  [jvm.dll+0x78a85a]
V  [jvm.dll+0x678bb5]
C  [ucrtbase.dll+0x1cd10]
C  [KERNEL32.DLL+0x35767]
C  [ntdll.dll+0x623ec]

VM_Operation (0x0000008000a29120): G1CollectForAllocation, mode: safepoint, requested by thread 0x0000008000af2f10


---------------  P R O C E S S  ---------------

Threads class SMR info:
_java_thread_list=0x000000805217c820, length=19, elements={
0x0000008000af2f10, 0x000000800ab82400, 0x000000800ab82fc0, 0x000000800ab96850,
0x000000800ab98330, 0x000000800ab99e10, 0x000000800ab9c6f0, 0x000000800aba5be0,
0x000000800abe3280, 0x000000800ab6e980, 0x000000800ab6ee60, 0x0000008050897a90,
0x0000008051170b30, 0x0000008051171010, 0x00000080512a2760, 0x0000008051a2ee20,
0x0000008051c10aa0, 0x0000008051dd7720, 0x0000008051ea08f0
}

Java Threads: ( => current thread )
  0x0000008000af2f10 JavaThread "main" [_thread_blocked, id=5664, stack(0x0000008000930000,0x0000008000a30000)]
  0x000000800ab82400 JavaThread "Reference Handler" daemon [_thread_blocked, id=3020, stack(0x000000800aef0000,0x000000800aff0000)]
  0x000000800ab82fc0 JavaThread "Finalizer" daemon [_thread_blocked, id=8016, stack(0x0000008050000000,0x0000008050100000)]
  0x000000800ab96850 JavaThread "Signal Dispatcher" daemon [_thread_blocked, id=11100, stack(0x0000008050100000,0x0000008050200000)]
  0x000000800ab98330 JavaThread "Attach Listener" daemon [_thread_blocked, id=8732, stack(0x0000008050200000,0x0000008050300000)]
  0x000000800ab99e10 JavaThread "Service Thread" daemon [_thread_blocked, id=9776, stack(0x0000008050300000,0x0000008050400000)]
  0x000000800ab9c6f0 JavaThread "Monitor Deflation Thread" daemon [_thread_blocked, id=13580, stack(0x0000008050400000,0x0000008050500000)]
  0x000000800aba5be0 JavaThread "C1 CompilerThread0" daemon [_thread_blocked, id=11712, stack(0x0000008050500000,0x0000008050600000)]
  0x000000800abe3280 JavaThread "Sweeper thread" daemon [_thread_blocked, id=9088, stack(0x0000008050600000,0x0000008050700000)]
  0x000000800ab6e980 JavaThread "Common-Cleaner" daemon [_thread_blocked, id=4004, stack(0x0000008050b00000,0x0000008050c00000)]
  0x000000800ab6ee60 JavaThread "C1 CompilerThread1" daemon [_thread_blocked, id=11444, stack(0x0000008050c00000,0x0000008050d00000)]
  0x0000008050897a90 JavaThread "C1 CompilerThread2" daemon [_thread_blocked, id=9676, stack(0x0000008050d00000,0x0000008050e00000)]
  0x0000008051170b30 JavaThread "Monitor Ctrl-Break" daemon [_thread_in_native, id=14440, stack(0x0000008051600000,0x0000008051700000)]
  0x0000008051171010 JavaThread "Notification Thread" daemon [_thread_blocked, id=12816, stack(0x0000008051700000,0x0000008051800000)]
  0x00000080512a2760 JavaThread "RMI TCP Accept-0" daemon [_thread_in_native, id=14316, stack(0x0000008051800000,0x0000008051900000)]
  0x0000008051a2ee20 JavaThread "C1 CompilerThread3" daemon [_thread_blocked, id=15600, stack(0x00000080532d0000,0x00000080533d0000)]
  0x0000008051c10aa0 JavaThread "RMI TCP Connection(1)-192.168.187.6" daemon [_thread_blocked, id=2232, stack(0x00000080533d0000,0x00000080534d0000)]
  0x0000008051dd7720 JavaThread "RMI Scheduler(0)" daemon [_thread_blocked, id=15908, stack(0x00000080534d0000,0x00000080535d0000)]
  0x0000008051ea08f0 JavaThread "Keep-Alive-Timer" daemon [_thread_blocked, id=4668, stack(0x00000080536d0000,0x00000080537d0000)]

Other Threads:
=>0x000000800ab7d950 VMThread "VM Thread" [stack: 0x000000800adf0000,0x000000800aef0000] [id=3184]
  0x0000008000b78b10 WatcherThread [stack: 0x0000008051900000,0x0000008051a00000] [id=12256]
  0x0000008000b51a40 GCTaskThread "GC Thread#0" [stack: 0x00000080086f0000,0x00000080087f0000] [id=6052]
  0x00000080515ef300 GCTaskThread "GC Thread#1" [stack: 0x00000080529d0000,0x0000008052ad0000] [id=9376]
  0x00000080515629b0 GCTaskThread "GC Thread#2" [stack: 0x0000008052ad0000,0x0000008052bd0000] [id=628]
  0x0000008051a38df0 GCTaskThread "GC Thread#3" [stack: 0x0000008052bd0000,0x0000008052cd0000] [id=3272]
  0x0000008051a390b0 GCTaskThread "GC Thread#4" [stack: 0x0000008052cd0000,0x0000008052dd0000] [id=4204]
  0x0000008051a3b380 GCTaskThread "GC Thread#5" [stack: 0x0000008052dd0000,0x0000008052ed0000] [id=10448]
  0x0000008051a3be50 GCTaskThread "GC Thread#6" [stack: 0x0000008052ed0000,0x0000008052fd0000] [id=14860]
  0x0000008051be2350 GCTaskThread "GC Thread#7" [stack: 0x00000080531d0000,0x00000080532d0000] [id=4356]
  0x0000008000b63360 ConcurrentGCThread "G1 Main Marker" [stack: 0x00000080087f0000,0x00000080088f0000] [id=1592]
  0x0000008000b63d70 ConcurrentGCThread "G1 Conc#0" [stack: 0x00000080088f0000,0x00000080089f0000] [id=11460]
  0x0000008051f4f990 ConcurrentGCThread "G1 Conc#1" [stack: 0x00000080538d0000,0x00000080539d0000] [id=14000]
  0x0000008000bad000 ConcurrentGCThread "G1 Refine#0" [stack: 0x000000800abf0000,0x000000800acf0000] [id=10224]
  0x00000080509b3420 ConcurrentGCThread "G1 Refine#1" [stack: 0x00000080530d0000,0x00000080531d0000] [id=14304]
  0x0000008000bae8e0 ConcurrentGCThread "G1 Service" [stack: 0x000000800acf0000,0x000000800adf0000] [id=14152]

Threads with active compile tasks:

VM state: at safepoint (normal execution)

VM Mutex/Monitor currently owned by a thread:  ([mutex/lock_event])
[0x000000800052adc0] Threads_lock - owner thread: 0x000000800ab7d950
[0x0000008000af2540] Heap_lock - owner thread: 0x0000008000af2f10

Heap address: 0x0000000081800000, size: 2024 MB, Compressed Oops mode: 32-bit

CDS archive(s) mapped at: [0x000000800b000000-0x000000800bbd0000-0x000000800bbd0000), size 12386304, SharedBaseAddress: 0x000000800b000000, ArchiveRelocationMode: 1.
Compressed class space mapped at: 0x000000800c000000-0x000000804c000000, reserved size: 1073741824
Narrow klass base: 0x000000800b000000, Narrow klass shift: 0, Narrow klass range: 0x100000000

GC Precious Log:
 CPUs: 8 total, 8 available
 Memory: 8089M
 Large Page Support: Disabled
 NUMA Support: Disabled
 Compressed Oops: Enabled (32-bit)
 Heap Region Size: 1M
 Heap Min Capacity: 8M
 Heap Initial Capacity: 128M
 Heap Max Capacity: 2024M
 Pre-touch: Disabled
 Parallel Workers: 8
 Concurrent Workers: 2
 Concurrent Refinement Workers: 8
 Periodic GC: Disabled

Heap:
 garbage-first heap   total 73728K, used 27106K [0x0000000081800000, 0x0000000100000000)
  region size 1024K, 5 young (5120K), 5 survivors (5120K)
 Metaspace       used 39111K, committed 39552K, reserved 1114112K
  class space    used 5579K, committed 5760K, reserved 1048576K

Heap Regions: E=young(eden), S=young(survivor), O=old, HS=humongous(starts), HC=humongous(continues), CS=collection set, F=free, OA=open archive, CA=closed archive, TAMS=top-at-mark-start (previous, next)
|   0|0x0000000081800000, 0x0000000081900000, 0x0000000081900000|100%|HS|  |TAMS 0x0000000081900000, 0x0000000081800000| Complete 
|   1|0x0000000081900000, 0x0000000081a00000, 0x0000000081a00000|100%|HS|  |TAMS 0x0000000081a00000, 0x0000000081900000| Complete 
|   2|0x0000000081a00000, 0x0000000081b00000, 0x0000000081b00000|100%| O|  |TAMS 0x0000000081b00000, 0x0000000081a00000| Untracked 
|   3|0x0000000081b00000, 0x0000000081c00000, 0x0000000081c00000|100%| O|  |TAMS 0x0000000081c00000, 0x0000000081b00000| Untracked 
|   4|0x0000000081c00000, 0x0000000081d00000, 0x0000000081d00000|100%| O|  |TAMS 0x0000000081d00000, 0x0000000081c00000| Untracked 
|   5|0x0000000081d00000, 0x0000000081e00000, 0x0000000081e00000|100%| O|  |TAMS 0x0000000081e00000, 0x0000000081d00000| Untracked 
|   6|0x0000000081e00000, 0x0000000081f00000, 0x0000000081f00000|100%| O|  |TAMS 0x0000000081f00000, 0x0000000081e00000| Untracked 
|   7|0x0000000081f00000, 0x0000000082000000, 0x0000000082000000|100%| O|  |TAMS 0x0000000082000000, 0x0000000081f00000| Untracked 
|   8|0x0000000082000000, 0x0000000082100000, 0x0000000082100000|100%| O|  |TAMS 0x0000000082100000, 0x0000000082000000| Untracked 
|   9|0x0000000082100000, 0x0000000082200000, 0x0000000082200000|100%| O|  |TAMS 0x0000000082200000, 0x0000000082100000| Untracked 
|  10|0x0000000082200000, 0x0000000082300000, 0x0000000082300000|100%| O|  |TAMS 0x0000000082200000, 0x0000000082200000| Untracked 
|  11|0x0000000082300000, 0x0000000082400000, 0x0000000082400000|100%| O|  |TAMS 0x0000000082400000, 0x0000000082300000| Untracked 
|  12|0x0000000082400000, 0x0000000082500000, 0x0000000082500000|100%| O|  |TAMS 0x0000000082500000, 0x0000000082400000| Untracked 
|  13|0x0000000082500000, 0x0000000082600000, 0x0000000082600000|100%| O|  |TAMS 0x0000000082600000, 0x0000000082500000| Untracked 
|  14|0x0000000082600000, 0x0000000082700000, 0x0000000082700000|100%| O|  |TAMS 0x0000000082700000, 0x0000000082600000| Untracked 
|  15|0x0000000082700000, 0x0000000082800000, 0x0000000082800000|100%| O|  |TAMS 0x0000000082700000, 0x0000000082700000| Untracked 
|  16|0x0000000082800000, 0x0000000082800000, 0x0000000082900000|  0%| F|  |TAMS 0x0000000082800000, 0x0000000082800000| Untracked 
|  17|0x0000000082900000, 0x0000000082a00000, 0x0000000082a00000|100%| O|  |TAMS 0x0000000082900000, 0x0000000082900000| Untracked 
|  18|0x0000000082a00000, 0x0000000082ab3800, 0x0000000082b00000| 70%| O|  |TAMS 0x0000000082a00000, 0x0000000082a00000| Untracked 
|  19|0x0000000082b00000, 0x0000000082b00000, 0x0000000082c00000|  0%| F|  |TAMS 0x0000000082b00000, 0x0000000082b00000| Untracked 
|  20|0x0000000082c00000, 0x0000000082c00000, 0x0000000082d00000|  0%| F|  |TAMS 0x0000000082c00000, 0x0000000082c00000| Untracked 
|  21|0x0000000082d00000, 0x0000000082d00000, 0x0000000082e00000|  0%| F|  |TAMS 0x0000000082d00000, 0x0000000082d00000| Untracked 
|  22|0x0000000082e00000, 0x0000000082e00000, 0x0000000082f00000|  0%| F|  |TAMS 0x0000000082e00000, 0x0000000082e00000| Untracked 
|  23|0x0000000082f00000, 0x0000000083000000, 0x0000000083000000|100%| O|  |TAMS 0x0000000083000000, 0x0000000082f00000| Untracked 
|  24|0x0000000083000000, 0x0000000083100000, 0x0000000083100000|100%| O|  |TAMS 0x0000000083100000, 0x0000000083000000| Untracked 
|  25|0x0000000083100000, 0x0000000083200000, 0x0000000083200000|100%| O|  |TAMS 0x0000000083200000, 0x0000000083100000| Untracked 
|  26|0x0000000083200000, 0x0000000083300000, 0x0000000083300000|100%| O|  |TAMS 0x0000000083282000, 0x0000000083200000| Untracked 
|  27|0x0000000083300000, 0x0000000083300000, 0x0000000083400000|  0%| F|  |TAMS 0x0000000083300000, 0x0000000083300000| Untracked 
|  28|0x0000000083400000, 0x0000000083400000, 0x0000000083500000|  0%| F|  |TAMS 0x0000000083400000, 0x0000000083400000| Untracked 
|  29|0x0000000083500000, 0x0000000083500000, 0x0000000083600000|  0%| F|  |TAMS 0x0000000083500000, 0x0000000083500000| Untracked 
|  30|0x0000000083600000, 0x0000000083600000, 0x0000000083700000|  0%| F|  |TAMS 0x0000000083600000, 0x0000000083600000| Untracked 
|  31|0x0000000083700000, 0x0000000083700000, 0x0000000083800000|  0%| F|  |TAMS 0x0000000083700000, 0x0000000083700000| Untracked 
|  32|0x0000000083800000, 0x00000000838c5190, 0x0000000083900000| 76%| S|CS|TAMS 0x0000000083800000, 0x0000000083800000| Complete 
|  33|0x0000000083900000, 0x0000000083a00000, 0x0000000083a00000|100%| S|CS|TAMS 0x0000000083900000, 0x0000000083900000| Complete 
|  34|0x0000000083a00000, 0x0000000083b00000, 0x0000000083b00000|100%| S|CS|TAMS 0x0000000083a00000, 0x0000000083a00000| Complete 
|  35|0x0000000083b00000, 0x0000000083c00000, 0x0000000083c00000|100%| S|CS|TAMS 0x0000000083b00000, 0x0000000083b00000| Complete 
|  36|0x0000000083c00000, 0x0000000083d00000, 0x0000000083d00000|100%| S|CS|TAMS 0x0000000083c00000, 0x0000000083c00000| Complete 
|  37|0x0000000083d00000, 0x0000000083d00000, 0x0000000083e00000|  0%| F|  |TAMS 0x0000000083d00000, 0x0000000083d00000| Untracked 
|  38|0x0000000083e00000, 0x0000000083e00000, 0x0000000083f00000|  0%| F|  |TAMS 0x0000000083e00000, 0x0000000083e00000| Untracked 
|  39|0x0000000083f00000, 0x0000000083f00000, 0x0000000084000000|  0%| F|  |TAMS 0x0000000083f00000, 0x0000000083f00000| Untracked 
|  40|0x0000000084000000, 0x0000000084000000, 0x0000000084100000|  0%| F|  |TAMS 0x0000000084000000, 0x0000000084000000| Untracked 
|  41|0x0000000084100000, 0x0000000084100000, 0x0000000084200000|  0%| F|  |TAMS 0x0000000084100000, 0x0000000084100000| Untracked 
|  42|0x0000000084200000, 0x0000000084200000, 0x0000000084300000|  0%| F|  |TAMS 0x0000000084200000, 0x0000000084200000| Untracked 
|  43|0x0000000084300000, 0x0000000084300000, 0x0000000084400000|  0%| F|  |TAMS 0x0000000084300000, 0x0000000084300000| Untracked 
|  44|0x0000000084400000, 0x0000000084400000, 0x0000000084500000|  0%| F|  |TAMS 0x0000000084400000, 0x0000000084400000| Untracked 
|  45|0x0000000084500000, 0x0000000084500000, 0x0000000084600000|  0%| F|  |TAMS 0x0000000084500000, 0x0000000084500000| Untracked 
|  46|0x0000000084600000, 0x0000000084600000, 0x0000000084700000|  0%| F|  |TAMS 0x0000000084600000, 0x0000000084600000| Untracked 
|  47|0x0000000084700000, 0x0000000084700000, 0x0000000084800000|  0%| F|  |TAMS 0x0000000084700000, 0x0000000084700000| Untracked 
|  48|0x0000000084800000, 0x0000000084800000, 0x0000000084900000|  0%| F|  |TAMS 0x0000000084800000, 0x0000000084800000| Untracked 
|  49|0x0000000084900000, 0x0000000084900000, 0x0000000084a00000|  0%| F|  |TAMS 0x0000000084900000, 0x0000000084900000| Untracked 
|  50|0x0000000084a00000, 0x0000000084a00000, 0x0000000084b00000|  0%| F|  |TAMS 0x0000000084a00000, 0x0000000084a00000| Untracked 
|  51|0x0000000084b00000, 0x0000000084b00000, 0x0000000084c00000|  0%| F|  |TAMS 0x0000000084b00000, 0x0000000084b00000| Untracked 
|  52|0x0000000084c00000, 0x0000000084c00000, 0x0000000084d00000|  0%| F|  |TAMS 0x0000000084c00000, 0x0000000084c00000| Untracked 
|  53|0x0000000084d00000, 0x0000000084d00000, 0x0000000084e00000|  0%| F|  |TAMS 0x0000000084d00000, 0x0000000084d00000| Untracked 
|  54|0x0000000084e00000, 0x0000000084e00000, 0x0000000084f00000|  0%| F|  |TAMS 0x0000000084e00000, 0x0000000084e00000| Untracked 
|  55|0x0000000084f00000, 0x0000000084f00000, 0x0000000085000000|  0%| F|  |TAMS 0x0000000084f00000, 0x0000000084f00000| Untracked 
|  56|0x0000000085000000, 0x0000000085000000, 0x0000000085100000|  0%| F|  |TAMS 0x0000000085000000, 0x0000000085000000| Untracked 
|  57|0x0000000085100000, 0x0000000085100000, 0x0000000085200000|  0%| F|  |TAMS 0x0000000085100000, 0x0000000085100000| Untracked 
|  58|0x0000000085200000, 0x0000000085200000, 0x0000000085300000|  0%| F|  |TAMS 0x0000000085200000, 0x0000000085200000| Untracked 
|  59|0x0000000085300000, 0x0000000085300000, 0x0000000085400000|  0%| F|  |TAMS 0x0000000085300000, 0x0000000085300000| Untracked 
|  60|0x0000000085400000, 0x0000000085400000, 0x0000000085500000|  0%| F|  |TAMS 0x0000000085400000, 0x0000000085400000| Untracked 
|  61|0x0000000085500000, 0x0000000085500000, 0x0000000085600000|  0%| F|  |TAMS 0x0000000085500000, 0x0000000085500000| Untracked 
|  62|0x0000000085600000, 0x0000000085600000, 0x0000000085700000|  0%| F|  |TAMS 0x0000000085600000, 0x0000000085600000| Untracked 
|  63|0x0000000085700000, 0x0000000085700000, 0x0000000085800000|  0%| F|  |TAMS 0x0000000085700000, 0x0000000085700000| Untracked 
|  64|0x0000000085800000, 0x0000000085800000, 0x0000000085900000|  0%| F|  |TAMS 0x0000000085800000, 0x0000000085800000| Untracked 
| 120|0x0000000089000000, 0x0000000089000000, 0x0000000089100000|  0%| F|  |TAMS 0x0000000089000000, 0x0000000089000000| Untracked 
| 121|0x0000000089100000, 0x0000000089100000, 0x0000000089200000|  0%| F|  |TAMS 0x0000000089100000, 0x0000000089100000| Untracked 
| 122|0x0000000089200000, 0x0000000089200000, 0x0000000089300000|  0%| F|  |TAMS 0x0000000089200000, 0x0000000089200000| Untracked 
| 123|0x0000000089300000, 0x0000000089300000, 0x0000000089400000|  0%| F|  |TAMS 0x0000000089300000, 0x0000000089300000| Untracked 
| 124|0x0000000089400000, 0x0000000089400000, 0x0000000089500000|  0%| F|  |TAMS 0x0000000089400000, 0x0000000089400000| Untracked 
| 126|0x0000000089600000, 0x0000000089600000, 0x0000000089700000|  0%| F|  |TAMS 0x0000000089600000, 0x0000000089600000| Untracked 
| 127|0x0000000089700000, 0x0000000089700000, 0x0000000089800000|  0%| F|  |TAMS 0x0000000089700000, 0x0000000089700000| Untracked 

Card table byte_map: [0x0000008003fb0000,0x00000080043b0000] _byte_map_base: 0x0000008003ba4000

Marking Bits (Prev, Next): (CMBitMap*) 0x0000008000b52060, (CMBitMap*) 0x0000008000b520a0
 Prev Bits: [0x00000080047b0000, 0x0000008006750000)
 Next Bits: [0x0000008006750000, 0x00000080086f0000)

Polling page: 0x0000008000180000

Metaspace:

Usage:
  Non-class:     32.75 MB used.
      Class:      5.45 MB used.
       Both:     38.19 MB used.

Virtual space:
  Non-class space:       64.00 MB reserved,      33.00 MB ( 52%) committed,  1 nodes.
      Class space:        1.00 GB reserved,       5.62 MB ( <1%) committed,  1 nodes.
             Both:        1.06 GB reserved,      38.62 MB (  4%) committed. 

Chunk freelists:
   Non-Class:  14.97 MB
       Class:  10.27 MB
        Both:  25.24 MB

MaxMetaspaceSize: unlimited
CompressedClassSpaceSize: 1.00 GB
Initial GC threshold: 21.00 MB
Current GC threshold: 59.00 MB
CDS: on
MetaspaceReclaimPolicy: balanced
 - commit_granule_bytes: 65536.
 - commit_granule_words: 8192.
 - virtual_space_node_default_size: 8388608.
 - enlarge_chunks_in_place: 1.
 - new_chunks_are_fully_committed: 0.
 - uncommit_free_chunks: 1.
 - use_allocation_guard: 0.
 - handle_deallocations: 1.


Internal statistics:

num_allocs_failed_limit: 6.
num_arena_births: 612.
num_arena_deaths: 0.
num_vsnodes_births: 2.
num_vsnodes_deaths: 0.
num_space_committed: 618.
num_space_uncommitted: 0.
num_chunks_returned_to_freelist: 6.
num_chunks_taken_from_freelist: 2030.
num_chunk_merges: 6.
num_chunk_splits: 1423.
num_chunks_enlarged: 1060.
num_inconsistent_stats: 0.

CodeCache: size=49152Kb used=9976Kb max_used=9976Kb free=39175Kb
 bounds [0x0000008000bb0000, 0x0000008001570000, 0x0000008003bb0000]
 total_blobs=4974 nmethods=4421 adapters=477
 compilation: enabled
              stopped_count=0, restarted_count=0
 full_count=0

Compilation events (20 events):
Event: 3.441 Thread 0x000000800ab6ee60 4411       1       java.net.URI$Parser::parseHierarchical (178 bytes)
Event: 3.441 Thread 0x0000008050897a90 nmethod 4408 0x0000008001569b10 code [0x0000008001569ca0, 0x0000008001569e78]
Event: 3.441 Thread 0x000000800aba5be0 4412       1       java.util.jar.JarFile::<init> (95 bytes)
Event: 3.441 Thread 0x0000008050897a90 4414       1       java.util.zip.ZipFile::getName (5 bytes)
Event: 3.441 Thread 0x0000008050897a90 nmethod 4414 0x0000008001569f10 code [0x000000800156a0a0, 0x000000800156a178]
Event: 3.441 Thread 0x0000008051a2ee20 nmethod 4413 0x000000800156a210 code [0x000000800156a3c0, 0x000000800156a5b8]
Event: 3.441 Thread 0x000000800aba5be0 nmethod 4412 0x000000800156a710 code [0x000000800156a940, 0x000000800156aee8]
Event: 3.442 Thread 0x000000800aba5be0 4415       1       java.net.URI::getRawFragment (5 bytes)
Event: 3.442 Thread 0x0000008051a2ee20 4416       1       java.net.URI::getRawQuery (5 bytes)
Event: 3.442 Thread 0x0000008051a2ee20 nmethod 4416 0x000000800156b210 code [0x000000800156b3a0, 0x000000800156b478]
Event: 3.442 Thread 0x000000800aba5be0 nmethod 4415 0x000000800156b510 code [0x000000800156b6a0, 0x000000800156b778]
Event: 3.442 Thread 0x000000800ab6ee60 nmethod 4411 0x000000800156b810 code [0x000000800156bac0, 0x000000800156c3c8]
Event: 3.443 Thread 0x000000800aba5be0 4417       1       java.net.URI::getRawAuthority (5 bytes)
Event: 3.443 Thread 0x000000800aba5be0 nmethod 4417 0x000000800156ca90 code [0x000000800156cc20, 0x000000800156ccf8]
Event: 3.445 Thread 0x000000800aba5be0 4418       1       javax.management.ObjectName$Property::setKeyIndex (6 bytes)
Event: 3.445 Thread 0x000000800aba5be0 nmethod 4418 0x000000800156cd90 code [0x000000800156cf20, 0x000000800156cff8]
Event: 3.455 Thread 0x000000800ab6ee60 4420       1       java.lang.Class::privateGetDeclaredFields (64 bytes)
Event: 3.455 Thread 0x000000800ab6ee60 nmethod 4420 0x000000800156d390 code [0x000000800156d580, 0x000000800156d938]
Event: 3.459 Thread 0x000000800ab6ee60 4421       1       org.springframework.core.MethodParameter::getParameterType (48 bytes)
Event: 3.459 Thread 0x000000800ab6ee60 nmethod 4421 0x000000800156db10 code [0x000000800156dce0, 0x000000800156df38]

GC Heap History (19 events):
Event: 0.677 GC heap before
{Heap before GC invocations=0 (full 0):
 garbage-first heap   total 131072K, used 25600K [0x0000000081800000, 0x0000000100000000)
  region size 1024K, 23 young (23552K), 0 survivors (0K)
 Metaspace       used 6431K, committed 6656K, reserved 1114112K
  class space    used 804K, committed 896K, reserved 1048576K
}
Event: 0.685 GC heap after
{Heap after GC invocations=1 (full 0):
 garbage-first heap   total 131072K, used 10432K [0x0000000081800000, 0x0000000100000000)
  region size 1024K, 3 young (3072K), 3 survivors (3072K)
 Metaspace       used 6431K, committed 6656K, reserved 1114112K
  class space    used 804K, committed 896K, reserved 1048576K
}
Event: 1.067 GC heap before
{Heap before GC invocations=1 (full 0):
 garbage-first heap   total 131072K, used 30912K [0x0000000081800000, 0x0000000100000000)
  region size 1024K, 24 young (24576K), 3 survivors (3072K)
 Metaspace       used 10827K, committed 11072K, reserved 1114112K
  class space    used 1475K, committed 1600K, reserved 1048576K
}
Event: 1.072 GC heap after
{Heap after GC invocations=2 (full 0):
 garbage-first heap   total 131072K, used 12089K [0x0000000081800000, 0x0000000100000000)
  region size 1024K, 2 young (2048K), 2 survivors (2048K)
 Metaspace       used 10827K, committed 11072K, reserved 1114112K
  class space    used 1475K, committed 1600K, reserved 1048576K
}
Event: 1.767 GC heap before
{Heap before GC invocations=2 (full 0):
 garbage-first heap   total 131072K, used 61241K [0x0000000081800000, 0x0000000100000000)
  region size 1024K, 51 young (52224K), 2 survivors (2048K)
 Metaspace       used 21003K, committed 21312K, reserved 1114112K
  class space    used 2811K, committed 2944K, reserved 1048576K
}
Event: 1.771 GC heap after
{Heap after GC invocations=3 (full 0):
 garbage-first heap   total 131072K, used 14874K [0x0000000081800000, 0x0000000100000000)
  region size 1024K, 5 young (5120K), 5 survivors (5120K)
 Metaspace       used 21003K, committed 21312K, reserved 1114112K
  class space    used 2811K, committed 2944K, reserved 1048576K
}
Event: 1.782 GC heap before
{Heap before GC invocations=3 (full 0):
 garbage-first heap   total 131072K, used 16922K [0x0000000081800000, 0x0000000100000000)
  region size 1024K, 8 young (8192K), 5 survivors (5120K)
 Metaspace       used 21267K, committed 21504K, reserved 1114112K
  class space    used 2857K, committed 2944K, reserved 1048576K
}
Event: 1.785 GC heap after
{Heap after GC invocations=4 (full 0):
 garbage-first heap   total 131072K, used 15281K [0x0000000081800000, 0x0000000100000000)
  region size 1024K, 5 young (5120K), 5 survivors (5120K)
 Metaspace       used 21267K, committed 21504K, reserved 1114112K
  class space    used 2857K, committed 2944K, reserved 1048576K
}
Event: 2.055 GC heap before
{Heap before GC invocations=5 (full 0):
 garbage-first heap   total 61440K, used 46001K [0x0000000081800000, 0x0000000100000000)
  region size 1024K, 37 young (37888K), 5 survivors (5120K)
 Metaspace       used 25589K, committed 25856K, reserved 1114112K
  class space    used 3506K, committed 3648K, reserved 1048576K
}
Event: 2.062 GC heap after
{Heap after GC invocations=6 (full 0):
 garbage-first heap   total 61440K, used 18189K [0x0000000081800000, 0x0000000100000000)
  region size 1024K, 8 young (8192K), 8 survivors (8192K)
 Metaspace       used 25589K, committed 25856K, reserved 1114112K
  class space    used 3506K, committed 3648K, reserved 1048576K
}
Event: 2.075 GC heap before
{Heap before GC invocations=6 (full 0):
 garbage-first heap   total 61440K, used 19213K [0x0000000081800000, 0x0000000100000000)
  region size 1024K, 9 young (9216K), 8 survivors (8192K)
 Metaspace       used 25619K, committed 25920K, reserved 1114112K
  class space    used 3510K, committed 3648K, reserved 1048576K
}
Event: 2.084 GC heap after
{Heap after GC invocations=7 (full 0):
 garbage-first heap   total 73728K, used 18952K [0x0000000081800000, 0x0000000100000000)
  region size 1024K, 1 young (1024K), 1 survivors (1024K)
 Metaspace       used 25619K, committed 25920K, reserved 1114112K
  class space    used 3510K, committed 3648K, reserved 1048576K
}
Event: 2.409 GC heap before
{Heap before GC invocations=7 (full 0):
 garbage-first heap   total 73728K, used 51720K [0x0000000081800000, 0x0000000100000000)
  region size 1024K, 33 young (33792K), 1 survivors (1024K)
 Metaspace       used 27471K, committed 27776K, reserved 1114112K
  class space    used 3786K, committed 3968K, reserved 1048576K
}
Event: 2.413 GC heap after
{Heap after GC invocations=8 (full 0):
 garbage-first heap   total 73728K, used 20493K [0x0000000081800000, 0x0000000100000000)
  region size 1024K, 3 young (3072K), 3 survivors (3072K)
 Metaspace       used 27471K, committed 27776K, reserved 1114112K
  class space    used 3786K, committed 3968K, reserved 1048576K
}
Event: 2.793 GC heap before
{Heap before GC invocations=8 (full 0):
 garbage-first heap   total 73728K, used 53261K [0x0000000081800000, 0x0000000100000000)
  region size 1024K, 35 young (35840K), 3 survivors (3072K)
 Metaspace       used 31111K, committed 31488K, reserved 1114112K
  class space    used 4462K, committed 4608K, reserved 1048576K
}
Event: 2.798 GC heap after
{Heap after GC invocations=9 (full 0):
 garbage-first heap   total 73728K, used 22463K [0x0000000081800000, 0x0000000100000000)
  region size 1024K, 5 young (5120K), 5 survivors (5120K)
 Metaspace       used 31111K, committed 31488K, reserved 1114112K
  class space    used 4462K, committed 4608K, reserved 1048576K
}
Event: 3.123 GC heap before
{Heap before GC invocations=9 (full 0):
 garbage-first heap   total 73728K, used 51135K [0x0000000081800000, 0x0000000100000000)
  region size 1024K, 34 young (34816K), 5 survivors (5120K)
 Metaspace       used 35745K, committed 36160K, reserved 1114112K
  class space    used 5104K, committed 5312K, reserved 1048576K
}
Event: 3.132 GC heap after
{Heap after GC invocations=10 (full 0):
 garbage-first heap   total 73728K, used 24716K [0x0000000081800000, 0x0000000100000000)
  region size 1024K, 5 young (5120K), 5 survivors (5120K)
 Metaspace       used 35745K, committed 36160K, reserved 1114112K
  class space    used 5104K, committed 5312K, reserved 1048576K
}
Event: 3.459 GC heap before
{Heap before GC invocations=11 (full 0):
 garbage-first heap   total 73728K, used 56460K [0x0000000081800000, 0x0000000100000000)
  region size 1024K, 35 young (35840K), 5 survivors (5120K)
 Metaspace       used 39111K, committed 39552K, reserved 1114112K
  class space    used 5579K, committed 5760K, reserved 1048576K
}

Deoptimization events (2 events):
Event: 3.153 Thread 0x0000008000af2f10 DEOPT PACKING pc=0x00000080014b5035 sp=0x0000008000a2dd10
Event: 3.153 Thread 0x0000008000af2f10 DEOPT UNPACKING pc=0x0000008000c02b43 sp=0x0000008000a2d2b8 mode 0

Classes unloaded (0 events):
No events

Classes redefined (0 events):
No events

Internal exceptions (20 events):
Event: 2.967 Thread 0x0000008000af2f10 Exception <a 'java/lang/NoClassDefFoundError'{0x00000000850ce318}: org/springframework/session/jdbc/JdbcIndexedSessionRepository> (0x00000000850ce318) 
thrown [s\open\src\hotspot\share\classfile\systemDictionary.cpp, line 245]
Event: 3.077 Thread 0x0000008000af2f10 Exception <a 'java/lang/ArrayIndexOutOfBoundsException'{0x000000008462a200}: Index 28 out of bounds for length 28> (0x000000008462a200) 
thrown [s\open\src\hotspot\share\interpreter\interpreterRuntime.cpp, line 428]
Event: 3.078 Thread 0x0000008000af2f10 Exception <a 'java/lang/ArrayIndexOutOfBoundsException'{0x000000008463f6b8}: Index 28 out of bounds for length 28> (0x000000008463f6b8) 
thrown [s\open\src\hotspot\share\interpreter\interpreterRuntime.cpp, line 428]
Event: 3.119 Thread 0x0000008000af2f10 Exception <a 'java/lang/ArrayIndexOutOfBoundsException'{0x0000000084358c30}: Index 21 out of bounds for length 21> (0x0000000084358c30) 
thrown [s\open\src\hotspot\share\interpreter\interpreterRuntime.cpp, line 428]
Event: 3.119 Thread 0x0000008000af2f10 Exception <a 'java/lang/ArrayIndexOutOfBoundsException'{0x00000000843591f8}: Index 21 out of bounds for length 21> (0x00000000843591f8) 
thrown [s\open\src\hotspot\share\interpreter\interpreterRuntime.cpp, line 428]
Event: 3.172 Thread 0x0000008000af2f10 Exception <a 'java/lang/NoSuchMethodError'{0x00000000894c2990}: 'java.lang.Object java.lang.invoke.DirectMethodHandle$Holder.invokeSpecialIFC(java.lang.Object, java.lang.Object, java.lang.Object)'> (0x00000000894c2990) 
thrown [s\open\src\hotspot\share\interpreter\linkResolver.cpp, line 759]
Event: 3.246 Thread 0x0000008000af2f10 Exception <a 'java/lang/NoSuchMethodError'{0x00000000857abb70}: 'void java.lang.invoke.DirectMethodHandle$Holder.invokeSpecial(java.lang.Object, java.lang.Object, java.lang.Object, java.lang.Object, java.lang.Object, java.lang.Object, java.lang.Object)'> (0x00000000857abb70) 
thrown [s\open\src\hotspot\share\interpreter\linkResolver.cpp, line 759]
Event: 3.262 Thread 0x0000008000af2f10 Exception <a 'java/lang/NoSuchMethodError'{0x000000008554fab0}: 'void java.lang.invoke.DirectMethodHandle$Holder.invokeInterface(java.lang.Object, java.lang.Object, int)'> (0x000000008554fab0) 
thrown [s\open\src\hotspot\share\interpreter\linkResolver.cpp, line 759]
Event: 3.264 Thread 0x0000008000af2f10 Exception <a 'java/lang/IncompatibleClassChangeError'{0x000000008559f668}: Found class java.lang.Object, but interface was expected> (0x000000008559f668) 
thrown [s\open\src\hotspot\share\interpreter\linkResolver.cpp, line 826]
Event: 3.265 Thread 0x0000008000af2f10 Exception <a 'java/lang/NoSuchMethodError'{0x00000000855c23b0}: 'void java.lang.invoke.DirectMethodHandle$Holder.invokeStatic(java.lang.Object, int, java.lang.Object)'> (0x00000000855c23b0) 
thrown [s\open\src\hotspot\share\interpreter\linkResolver.cpp, line 759]
Event: 3.268 Thread 0x0000008000af2f10 Exception <a 'java/lang/NoSuchMethodError'{0x00000000855fd870}: 'void java.lang.invoke.DirectMethodHandle$Holder.invokeVirtual(java.lang.Object, java.lang.Object, int)'> (0x00000000855fd870) 
thrown [s\open\src\hotspot\share\interpreter\linkResolver.cpp, line 759]
Event: 3.268 Thread 0x0000008000af2f10 Exception <a 'java/lang/NoSuchMethodError'{0x0000000085403c80}: 'void java.lang.invoke.DirectMethodHandle$Holder.invokeStatic(java.lang.Object, java.lang.Object, java.lang.Object, int, java.lang.Object)'> (0x0000000085403c80) 
thrown [s\open\src\hotspot\share\interpreter\linkResolver.cpp, line 759]
Event: 3.268 Thread 0x0000008000af2f10 Exception <a 'java/lang/NoSuchMethodError'{0x000000008540b188}: 'java.lang.Object java.lang.invoke.DirectMethodHandle$Holder.newInvokeSpecial(java.lang.Object, java.lang.Object, java.lang.Object, int)'> (0x000000008540b188) 
thrown [s\open\src\hotspot\share\interpreter\linkResolver.cpp, line 759]
Event: 3.268 Thread 0x0000008000af2f10 Exception <a 'java/lang/NoSuchMethodError'{0x000000008540f470}: 'java.lang.Object java.lang.invoke.DirectMethodHandle$Holder.invokeSpecial(java.lang.Object, java.lang.Object, java.lang.Object, java.lang.Object, int)'> (0x000000008540f470) 
thrown [s\open\src\hotspot\share\interpreter\linkResolver.cpp, line 759]
Event: 3.268 Thread 0x0000008000af2f10 Exception <a 'java/lang/NoSuchMethodError'{0x0000000085413038}: 'java.lang.Object java.lang.invoke.Invokers$Holder.linkToTargetMethod(java.lang.Object, java.lang.Object, int, java.lang.Object)'> (0x0000000085413038) 
thrown [s\open\src\hotspot\share\interpreter\linkResolver.cpp, line 759]
Event: 3.307 Thread 0x0000008051c10aa0 Exception <a 'java/lang/reflect/InvocationTargetException'{0x0000000084fa80e8}> (0x0000000084fa80e8) 
thrown [s\open\src\hotspot\share\runtime\reflection.cpp, line 1121]
Event: 3.400 Thread 0x0000008000af2f10 Exception <a 'java/lang/NoSuchMethodError'{0x00000000847741c0}: 'java.lang.Object java.lang.invoke.DirectMethodHandle$Holder.invokeSpecial(java.lang.Object, java.lang.Object, long, java.lang.Object, java.lang.Object, java.lang.Object, java.lang.Object, java.lang.Object, java.lang.Object)'> (0x00000000847741c0) 
thrown [s\open\src\hotspot\share\interpreter\linkResolver.cpp, line 759]
Event: 3.400 Thread 0x0000008000af2f10 Exception <a 'java/lang/NoSuchMethodError'{0x0000000084778ce8}: 'java.lang.Object java.lang.invoke.DelegatingMethodHandle$Holder.reinvoke_L(java.lang.Object, long, java.lang.Object, java.lang.Object, java.lang.Object, java.lang.Object, java.lang.Object, java.lang.Object)'> (0x0000000084778ce8) 
thrown [s\open\src\hotspot\share\interpreter\linkResolver.cpp, line 759]
Event: 3.424 Thread 0x0000008000af2f10 Exception <a 'java/io/FileNotFoundException'{0x00000000846fd2c0}> (0x00000000846fd2c0) 
thrown [s\open\src\hotspot\share\prims\jni.cpp, line 516]
Event: 3.451 Thread 0x0000008000af2f10 Exception <a 'java/lang/NoSuchMethodError'{0x0000000083f25e98}: 'int java.lang.invoke.DirectMethodHandle$Holder.invokeInterface(java.lang.Object, java.lang.Object, java.lang.Object, java.lang.Object)'> (0x0000000083f25e98) 
thrown [s\open\src\hotspot\share\interpreter\linkResolver.cpp, line 759]

VM Operations (20 events):
Event: 2.995 Executing VM operation: HandshakeAllThreads done
Event: 3.017 Executing VM operation: HandshakeAllThreads
Event: 3.017 Executing VM operation: HandshakeAllThreads done
Event: 3.075 Executing VM operation: HandshakeAllThreads
Event: 3.075 Executing VM operation: HandshakeAllThreads done
Event: 3.075 Executing VM operation: HandshakeAllThreads
Event: 3.075 Executing VM operation: HandshakeAllThreads done
Event: 3.080 Executing VM operation: HandshakeAllThreads
Event: 3.080 Executing VM operation: HandshakeAllThreads done
Event: 3.122 Executing VM operation: CollectForMetadataAllocation
Event: 3.132 Executing VM operation: CollectForMetadataAllocation done
Event: 3.141 Executing VM operation: G1Concurrent
Event: 3.144 Executing VM operation: G1Concurrent done
Event: 3.148 Executing VM operation: G1Concurrent
Event: 3.148 Executing VM operation: G1Concurrent done
Event: 3.153 Executing VM operation: HandshakeAllThreads
Event: 3.153 Executing VM operation: HandshakeAllThreads done
Event: 3.379 Executing VM operation: HandshakeAllThreads
Event: 3.379 Executing VM operation: HandshakeAllThreads done
Event: 3.459 Executing VM operation: G1CollectForAllocation

Events (20 events):
Event: 3.343 loading class java/beans/PropertyChangeSupport$PropertyChangeListenerMap
Event: 3.343 loading class java/beans/ChangeListenerMap
Event: 3.343 loading class java/beans/ChangeListenerMap done
Event: 3.343 loading class java/beans/PropertyChangeSupport$PropertyChangeListenerMap done
Event: 3.343 loading class java/beans/PropertyChangeListener
Event: 3.343 loading class java/beans/PropertyChangeListener done
Event: 3.350 loading class java/beans/PropertyChangeEvent
Event: 3.350 loading class java/beans/PropertyChangeEvent done
Event: 3.357 loading class java/nio/BufferUnderflowException
Event: 3.357 loading class java/nio/BufferUnderflowException done
Event: 3.364 loading class java/io/FileReader
Event: 3.364 loading class java/io/FileReader done
Event: 3.378 loading class java/lang/instrument/IllegalClassFormatException
Event: 3.378 loading class java/lang/instrument/IllegalClassFormatException done
Event: 3.395 loading class java/util/logging/LogRecord
Event: 3.395 loading class java/util/logging/LogRecord done
Event: 3.416 loading class java/util/stream/ReduceOps$2
Event: 3.416 loading class java/util/stream/ReduceOps$2 done
Event: 3.416 loading class java/util/stream/ReduceOps$2ReducingSink
Event: 3.417 loading class java/util/stream/ReduceOps$2ReducingSink done


Dynamic libraries:
0x00007ff616420000 - 0x00007ff616430000 	C:\Program Files\Java\jdk-17\bin\java.exe
0x00007ffddffc0000 - 0x00007ffde0221000 	C:\WINDOWS\SYSTEM32\ntdll.dll
0x00007ffddf0a0000 - 0x00007ffddf168000 	C:\WINDOWS\System32\KERNEL32.DLL
0x00007ffddda80000 - 0x00007ffddde29000 	C:\WINDOWS\System32\KERNELBASE.dll
0x00007ffddd920000 - 0x00007ffddda6e000 	C:\WINDOWS\System32\ucrtbase.dll
0x00007ffdd6d50000 - 0x00007ffdd6d69000 	C:\Program Files\Java\jdk-17\bin\jli.dll
0x00007ffdcd940000 - 0x00007ffdcd95b000 	C:\Program Files\Java\jdk-17\bin\VCRUNTIME140.dll
0x00007ffddf2a0000 - 0x00007ffddf352000 	C:\WINDOWS\System32\ADVAPI32.dll
0x00007ffdddf50000 - 0x00007ffdddff9000 	C:\WINDOWS\System32\msvcrt.dll
0x00007ffdde000000 - 0x00007ffdde0a7000 	C:\WINDOWS\System32\sechost.dll
0x00007ffddde30000 - 0x00007ffdddf4a000 	C:\WINDOWS\System32\RPCRT4.dll
0x00007ffdde3b0000 - 0x00007ffdde574000 	C:\WINDOWS\System32\USER32.dll
0x00007ffdc38c0000 - 0x00007ffdc3b51000 	C:\WINDOWS\WinSxS\amd64_microsoft.windows.common-controls_6595b64144ccf1df_6.0.27695.1000_none_111eef8ef4318350\COMCTL32.dll
0x00007ffddd750000 - 0x00007ffddd777000 	C:\WINDOWS\System32\win32u.dll
0x00007ffddf260000 - 0x00007ffddf293000 	C:\WINDOWS\System32\GDI32.dll
0x00007ffddd780000 - 0x00007ffddd89b000 	C:\WINDOWS\System32\gdi32full.dll
0x00007ffddd350000 - 0x00007ffddd3f3000 	C:\WINDOWS\System32\msvcp_win.dll
0x00007ffdd6380000 - 0x00007ffdd638b000 	C:\WINDOWS\SYSTEM32\VERSION.dll
0x00007ffddf370000 - 0x00007ffddf39f000 	C:\WINDOWS\System32\IMM32.DLL
0x00007ffdd92c0000 - 0x00007ffdd92cc000 	C:\Program Files\Java\jdk-17\bin\vcruntime140_1.dll
0x00007ffdbd050000 - 0x00007ffdbd0de000 	C:\Program Files\Java\jdk-17\bin\msvcp140.dll
0x00007ffd4afe0000 - 0x00007ffd4bbc0000 	C:\Program Files\Java\jdk-17\bin\server\jvm.dll
0x00007ffddf360000 - 0x00007ffddf368000 	C:\WINDOWS\System32\PSAPI.DLL
0x00007ffdd70d0000 - 0x00007ffdd70da000 	C:\WINDOWS\SYSTEM32\WSOCK32.dll
0x00007ffdd3ed0000 - 0x00007ffdd3f06000 	C:\WINDOWS\SYSTEM32\WINMM.dll
0x00007ffdde920000 - 0x00007ffdde994000 	C:\WINDOWS\System32\WS2_32.dll
0x00007ffddc1d0000 - 0x00007ffddc1ea000 	C:\WINDOWS\SYSTEM32\kernel.appcore.dll
0x00007ffdd6df0000 - 0x00007ffdd6dfa000 	C:\Program Files\Java\jdk-17\bin\jimage.dll
0x00007ffdc82d0000 - 0x00007ffdc852c000 	C:\WINDOWS\SYSTEM32\DBGHELP.DLL
0x00007ffddf3e0000 - 0x00007ffddf75d000 	C:\WINDOWS\System32\combase.dll
0x00007ffddf800000 - 0x00007ffddf8d6000 	C:\WINDOWS\System32\OLEAUT32.dll
0x00007ffdc6c40000 - 0x00007ffdc6c79000 	C:\WINDOWS\SYSTEM32\dbgcore.DLL
0x00007ffddd640000 - 0x00007ffddd6d7000 	C:\WINDOWS\System32\bcryptPrimitives.dll
0x00007ffdcda00000 - 0x00007ffdcda0e000 	C:\Program Files\Java\jdk-17\bin\instrument.dll
0x00007ffdc5200000 - 0x00007ffdc5225000 	C:\Program Files\Java\jdk-17\bin\java.dll
0x00007ffd859e0000 - 0x00007ffd85ab7000 	C:\Program Files\Java\jdk-17\bin\jsvml.dll
0x00007ffdde9a0000 - 0x00007ffddf092000 	C:\WINDOWS\System32\SHELL32.dll
0x00007ffddb060000 - 0x00007ffddb885000 	C:\WINDOWS\SYSTEM32\windows.storage.dll
0x00007ffdde7e0000 - 0x00007ffdde8b3000 	C:\WINDOWS\System32\SHCORE.dll
0x00007ffdde8c0000 - 0x00007ffdde91d000 	C:\WINDOWS\System32\shlwapi.dll
0x00007ffddd270000 - 0x00007ffddd299000 	C:\WINDOWS\SYSTEM32\profapi.dll
0x00007ffdc00f0000 - 0x00007ffdc0108000 	C:\Program Files\Java\jdk-17\bin\zip.dll
0x00007ffdcd8a0000 - 0x00007ffdcd8b9000 	C:\Program Files\Java\jdk-17\bin\net.dll
0x00007ffdd6a00000 - 0x00007ffdd6b20000 	C:\WINDOWS\SYSTEM32\WINHTTP.dll
0x00007ffddd6e0000 - 0x00007ffddd748000 	C:\WINDOWS\System32\mswsock.dll
0x00007ffdc6670000 - 0x00007ffdc6686000 	C:\Program Files\Java\jdk-17\bin\nio.dll
0x00007ffdbe390000 - 0x00007ffdbe3aa000 	C:\Program Files\JetBrains\IntelliJ IDEA 2024.2.0.2\bin\breakgen64.dll
0x00007ffddbc20000 - 0x00007ffddbd40000 	C:\WINDOWS\SYSTEM32\DNSAPI.dll
0x00007ffddbbe0000 - 0x00007ffddbc12000 	C:\WINDOWS\SYSTEM32\IPHLPAPI.DLL
0x00007ffddf760000 - 0x00007ffddf76a000 	C:\WINDOWS\System32\NSI.dll
0x00007ffdd53e0000 - 0x00007ffdd53eb000 	C:\Windows\System32\rasadhlp.dll
0x00007ffdd5eb0000 - 0x00007ffdd5f36000 	C:\WINDOWS\System32\fwpuclnt.dll
0x00007ffdc85e0000 - 0x00007ffdc85ea000 	C:\Program Files\Java\jdk-17\bin\management.dll
0x00007ffdc5610000 - 0x00007ffdc561b000 	C:\Program Files\Java\jdk-17\bin\management_ext.dll
0x00007ffddca00000 - 0x00007ffddca1c000 	C:\WINDOWS\SYSTEM32\CRYPTSP.dll
0x00007ffddc130000 - 0x00007ffddc167000 	C:\WINDOWS\system32\rsaenh.dll
0x00007ffddc6d0000 - 0x00007ffddc6fb000 	C:\WINDOWS\SYSTEM32\USERENV.dll
0x00007ffddcbf0000 - 0x00007ffddcc16000 	C:\WINDOWS\SYSTEM32\bcrypt.dll
0x00007ffddc860000 - 0x00007ffddc86c000 	C:\WINDOWS\SYSTEM32\CRYPTBASE.dll
0x00007ffdd6850000 - 0x00007ffdd686f000 	C:\WINDOWS\SYSTEM32\dhcpcsvc6.DLL
0x00007ffdd6790000 - 0x00007ffdd67b5000 	C:\WINDOWS\SYSTEM32\dhcpcsvc.DLL
0x00007ffdc5720000 - 0x00007ffdc5738000 	C:\WINDOWS\system32\napinsp.dll
0x00007ffdc5700000 - 0x00007ffdc5712000 	C:\WINDOWS\System32\winrnr.dll
0x00007ffdc2e40000 - 0x00007ffdc2e62000 	C:\WINDOWS\system32\nlansp_c.dll
0x00007ffdc02e0000 - 0x00007ffdc02f6000 	C:\WINDOWS\system32\wshbth.dll
0x00007ffdc51f0000 - 0x00007ffdc51fe000 	C:\Program Files\Java\jdk-17\bin\sunmscapi.dll
0x00007ffddd400000 - 0x00007ffddd576000 	C:\WINDOWS\System32\CRYPT32.dll
0x00007ffddcbb0000 - 0x00007ffddcbe0000 	C:\WINDOWS\SYSTEM32\ncrypt.dll
0x00007ffddcaf0000 - 0x00007ffddcb2f000 	C:\WINDOWS\SYSTEM32\NTASN1.dll

dbghelp: loaded successfully - version: 4.0.5 - missing functions: none
symbol engine: initialized successfully - sym options: 0x614 - pdb path: .;C:\Program Files\Java\jdk-17\bin;C:\WINDOWS\SYSTEM32;C:\WINDOWS\WinSxS\amd64_microsoft.windows.common-controls_6595b64144ccf1df_6.0.27695.1000_none_111eef8ef4318350;C:\Program Files\Java\jdk-17\bin\server;C:\Program Files\JetBrains\IntelliJ IDEA 2024.2.0.2\bin

VM Arguments:
jvm_args: -XX:TieredStopAtLevel=1 -Dspring.output.ansi.enabled=always -Dcom.sun.management.jmxremote -Dspring.jmx.enabled=true -Dspring.liveBeansView.mbeanDomain -Dspring.application.admin.enabled=true -Dmanagement.endpoints.jmx.exposure.include=* -javaagent:C:\Program Files\JetBrains\IntelliJ IDEA 2024.2.0.2\lib\idea_rt.jar=55647:C:\Program Files\JetBrains\IntelliJ IDEA 2024.2.0.2\bin -Dfile.encoding=UTF-8 
java_command: com.upeu.notificationservice.MsNotificationServiceApplication
java_class_path (initial): C:\distri\grados\ms-notification-service\target\classes;C:\Users\FRANS\.m2\repository\org\springframework\boot\spring-boot-starter-web\3.3.4\spring-boot-starter-web-3.3.4.jar;C:\Users\FRANS\.m2\repository\org\springframework\boot\spring-boot-starter\3.3.4\spring-boot-starter-3.3.4.jar;C:\Users\FRANS\.m2\repository\org\springframework\boot\spring-boot\3.3.4\spring-boot-3.3.4.jar;C:\Users\FRANS\.m2\repository\org\springframework\boot\spring-boot-autoconfigure\3.3.4\spring-boot-autoconfigure-3.3.4.jar;C:\Users\FRANS\.m2\repository\org\springframework\boot\spring-boot-starter-logging\3.3.4\spring-boot-starter-logging-3.3.4.jar;C:\Users\FRANS\.m2\repository\ch\qos\logback\logback-classic\1.5.8\logback-classic-1.5.8.jar;C:\Users\FRANS\.m2\repository\ch\qos\logback\logback-core\1.5.8\logback-core-1.5.8.jar;C:\Users\FRANS\.m2\repository\org\apache\logging\log4j\log4j-to-slf4j\2.23.1\log4j-to-slf4j-2.23.1.jar;C:\Users\FRANS\.m2\repository\org\apache\logging\log4j\log4j-api\2.23.1\log4j-api-2.23.1.jar;C:\Users\FRANS\.m2\repository\org\slf4j\jul-to-slf4j\2.0.16\jul-to-slf4j-2.0.16.jar;C:\Users\FRANS\.m2\repository\jakarta\annotation\jakarta.annotation-api\2.1.1\jakarta.annotation-api-2.1.1.jar;C:\Users\FRANS\.m2\repository\org\yaml\snakeyaml\2.2\snakeyaml-2.2.jar;C:\Users\FRANS\.m2\repository\org\springframework\boot\spring-boot-starter-json\3.3.4\spring-boot-starter-json-3.3.4.jar;C:\Users\FRANS\.m2\repository\com\fasterxml\jackson\datatype\jackson-datatype-jdk8\2.17.2\jackson-datatype-jdk8-2.17.2.jar;C:\Users\FRANS\.m2\repository\com\fasterxml\jackson\datatype\jackson-datatype-jsr310\2.17.2\jackson-datatype-jsr310-2.17.2.jar;C:\Users\FRANS\.m2\repository\com\fasterxml\jackson\module\jackson-module-parameter-names\2.17.2\jackson-module-parameter-names-2.17.2.jar;C:\Users\FRANS\.m2\repository\org\springframework\boot\spring-boot-starter-tomcat\3.3.4\spring-boot-starter-tomcat-3.3.4.jar;C:\Users\FRANS\.m2\repository\org\apache\tomcat\embed\tomcat-em
Launcher Type: SUN_STANDARD

[Global flags]
     intx CICompilerCount                          = 4                                         {product} {ergonomic}
     uint ConcGCThreads                            = 2                                         {product} {ergonomic}
     uint G1ConcRefinementThreads                  = 8                                         {product} {ergonomic}
   size_t G1HeapRegionSize                         = 1048576                                   {product} {ergonomic}
    uintx GCDrainStackTargetSize                   = 64                                        {product} {ergonomic}
   size_t InitialHeapSize                          = 134217728                                 {product} {ergonomic}
     bool ManagementServer                         = true                                      {product} {command line}
   size_t MarkStackSize                            = 4194304                                   {product} {ergonomic}
   size_t MaxHeapSize                              = 2122317824                                {product} {ergonomic}
   size_t MaxNewSize                               = 1272971264                                {product} {ergonomic}
   size_t MinHeapDeltaBytes                        = 1048576                                   {product} {ergonomic}
   size_t MinHeapSize                              = 8388608                                   {product} {ergonomic}
    uintx NonProfiledCodeHeapSize                  = 0                                      {pd product} {ergonomic}
     bool ProfileInterpreter                       = false                                  {pd product} {command line}
    uintx ProfiledCodeHeapSize                     = 0                                      {pd product} {ergonomic}
   size_t SoftMaxHeapSize                          = 2122317824                             {manageable} {ergonomic}
     intx TieredStopAtLevel                        = 1                                         {product} {command line}
     bool UseCompressedClassPointers               = true                           {product lp64_product} {ergonomic}
     bool UseCompressedOops                        = true                           {product lp64_product} {ergonomic}
     bool UseG1GC                                  = true                                      {product} {ergonomic}
     bool UseLargePagesIndividualAllocation        = false                                  {pd product} {ergonomic}

Logging:
Log output configuration:
 #0: stdout all=warning uptime,level,tags
 #1: stderr all=off uptime,level,tags

Environment Variables:
JAVA_HOME=C:\Program Files\Java\jdk-17
PATH=C:\Program Files\Common Files\Oracle\Java\javapath;C:\Windows\system32;C:\Windows;C:\Windows\System32\Wbem;C:\Windows\System32\WindowsPowerShell\v1.0\;C:\Windows\System32\OpenSSH\;C:\Program Files (x86)\NVIDIA Corporation\PhysX\Common;C:\Program Files\Java\jdk-17\bin;C:\Program Files\apache-maven-3.8.5\bin;%MAVEN_HOME%\bin;C:\WINDOWS\system32;C:\WINDOWS;C:\WINDOWS\System32\Wbem;C:\WINDOWS\System32\WindowsPowerShell\v1.0\;C:\WINDOWS\System32\OpenSSH\;C:\laragon\bin\php\php-8.1.10-Win32-vs16-x64;C:\composer;C:\Program Files\nodejs\;C:\Program Files\Git\cmd;C:\Program Files\MySQL\MySQL Shell 8.0\bin\;C:\laragon\bin;C:\laragon\bin\apache\httpd-2.4.54-win64-VS16\bin;C:\laragon\bin\composer;C:\laragon\bin\git\bin;C:\laragon\bin\git\cmd;C:\laragon\bin\git\mingw64\bin;C:\laragon\bin\git\usr\bin;C:\laragon\bin\laragon\utils;C:\laragon\bin\mysql\mysql-8.0.30-winx64\bin;C:\laragon\bin\nginx\nginx-1.22.0;C:\laragon\bin\ngrok;C:\laragon\bin\nodejs\node-v18;C:\laragon\bin\notepad++;C:\laragon\bin\php\php-8.3.7-Win32-vs16-x64;C:\laragon\bin\python\python-3.10;C:\laragon\bin\python\python-3.10\Scripts;C:\laragon\bin\redis\redis-x64-5.0.14.1;C:\laragon\bin\telnet;C:\laragon\usr\bin;C:\Users\FRANS\AppData\Local\Yarn\config\global\node_modules\.bin;C:\Users\FRANS\AppData\Roaming\Composer\vendor\bin;C:\Users\FRANS\AppData\Roaming\npm;C:\Program Files\Common Files\Oracle\Java\javapath;C:\Windows\system32;C:\Windows;C:\Windows\System32\Wbem;C:\Users\FRANS\AppData\Local\Programs\Microsoft VS Code\bin;C:\Users\FRANS\AppData\Local\Microsoft\WindowsApps;
USERNAME=FRANS
OS=Windows_NT
PROCESSOR_IDENTIFIER=Intel64 Family 6 Model 165 Stepping 3, GenuineIntel



---------------  S Y S T E M  ---------------

OS:
 Windows 11 , 64 bit Build 27695 (10.0.27695.1000)
OS uptime: 0 days 6:38 hours
Hyper-V role detected

CPU: total 8 (initial active 8) (4 cores per cpu, 2 threads per core) family 6 model 165 stepping 3 microcode 0xea, cx8, cmov, fxsr, ht, mmx, 3dnowpref, sse, sse2, sse3, ssse3, sse4.1, sse4.2, popcnt, lzcnt, tsc, tscinvbit, avx, avx2, aes, erms, clmul, bmi1, bmi2, adx, fma, vzeroupper, clflush, clflushopt, hv

Memory: 4k page, system-wide physical 8089M (549M free)
TotalPageFile size 16281M (AvailPageFile size 57M)
current process WorkingSet (physical memory assigned to process): 181M, peak: 181M
current process commit charge ("private bytes"): 220M, peak: 275M

vm_info: Java HotSpot(TM) 64-Bit Server VM (17.0.11+7-LTS-207) for windows-amd64 JRE (17.0.11+7-LTS-207), built on Mar 11 2024 19:01:50 by "mach5one" with MS VC++ 17.6 (VS2022)

END.
